2015-12-24 13:54:08,015 INFO  [DotoQuizPicasa] Starting and setup Doto Parser...
2015-12-24 13:54:10,774 INFO  [Settings] Settings loaded successfully.
2015-12-24 13:54:10,774 INFO  [DotoQuizPicasa] Initialising Web client and authenticating...
2015-12-24 13:54:11,498 INFO  [GoogleOAuth] Preparing to authenticate via OAuth...
2015-12-24 13:54:11,499 INFO  [GoogleOAuth] Getting access token for refresh token..
2015-12-24 13:54:28,782 INFO  [GoogleOAuth] Building PicasaWeb Client...
2015-12-24 13:54:39,204 INFO  [DotoQuizPicasa] Connection established.
2015-12-24 22:20:47,088 INFO  [DotoQuizPicasa] Starting and setup Doto Parser...
2015-12-24 22:20:48,294 INFO  [Settings] Settings loaded successfully.
2015-12-24 22:20:48,294 INFO  [DotoQuizPicasa] Initialising Web client and authenticating...
2015-12-24 22:20:49,211 INFO  [GoogleOAuth] Preparing to authenticate via OAuth...
2015-12-24 22:20:49,212 INFO  [GoogleOAuth] Getting access token for refresh token..
2015-12-24 22:20:51,546 INFO  [GoogleOAuth] Building PicasaWeb Client...
2015-12-24 22:20:52,034 INFO  [DotoQuizPicasa] Connection established.
2015-12-24 22:22:05,033 INFO  [DotoQuizPicasa] Starting and setup Doto Parser...
2015-12-24 22:22:05,373 INFO  [Settings] Settings loaded successfully.
2015-12-24 22:22:05,373 INFO  [DotoQuizPicasa] Initialising Web client and authenticating...
2015-12-24 22:22:05,571 INFO  [GoogleOAuth] Preparing to authenticate via OAuth...
2015-12-24 22:22:05,572 INFO  [GoogleOAuth] Getting access token for refresh token..
2015-12-24 22:22:06,561 INFO  [GoogleOAuth] Building PicasaWeb Client...
2015-12-24 22:22:06,876 INFO  [DotoQuizPicasa] Connection established.
2015-12-24 22:43:33,006 INFO  [DotoQuizPicasa] Starting and setup Doto Parser...
2015-12-24 22:43:34,947 INFO  [Settings] Settings loaded successfully.
2015-12-24 22:43:34,947 INFO  [DotoQuizPicasa] Initialising Web client and authenticating...
2015-12-24 22:43:35,804 INFO  [GoogleOAuth] Preparing to authenticate via OAuth...
2015-12-24 22:43:35,805 INFO  [GoogleOAuth] Getting access token for refresh token..
2015-12-24 22:43:37,656 INFO  [GoogleOAuth] Building PicasaWeb Client...
2015-12-24 22:43:38,097 INFO  [DotoQuizPicasa] Connection established.
2015-12-24 22:43:44,930 INFO  [PicasawebClient] Adding new album: Trip to France
2015-12-24 22:44:35,493 INFO  [DotoQuizPicasa] Starting and setup Doto Parser...
2015-12-24 22:44:36,752 INFO  [Settings] Settings loaded successfully.
2015-12-24 22:44:36,752 INFO  [DotoQuizPicasa] Initialising Web client and authenticating...
2015-12-24 22:44:37,584 INFO  [GoogleOAuth] Preparing to authenticate via OAuth...
2015-12-24 22:44:37,585 INFO  [GoogleOAuth] Getting access token for refresh token..
2015-12-24 22:44:39,442 INFO  [GoogleOAuth] Building PicasaWeb Client...
2015-12-24 22:44:39,875 INFO  [DotoQuizPicasa] Connection established.
2015-12-24 22:45:23,107 INFO  [DotoQuizPicasa] Starting and setup Doto Parser...
2015-12-24 22:45:23,740 INFO  [Settings] Settings loaded successfully.
2015-12-24 22:45:23,741 INFO  [DotoQuizPicasa] Initialising Web client and authenticating...
2015-12-24 22:45:24,028 INFO  [GoogleOAuth] Preparing to authenticate via OAuth...
2015-12-24 22:45:24,029 INFO  [GoogleOAuth] Getting access token for refresh token..
2015-12-24 22:45:24,958 INFO  [GoogleOAuth] Building PicasaWeb Client...
2015-12-24 22:45:25,262 INFO  [DotoQuizPicasa] Connection established.
2015-12-24 22:45:57,119 INFO  [DotoQuizPicasa] Starting and setup Doto Parser...
2015-12-24 22:45:57,425 INFO  [Settings] Settings loaded successfully.
2015-12-24 22:45:57,425 INFO  [DotoQuizPicasa] Initialising Web client and authenticating...
2015-12-24 22:45:57,650 INFO  [GoogleOAuth] Preparing to authenticate via OAuth...
2015-12-24 22:45:57,651 INFO  [GoogleOAuth] Getting access token for refresh token..
2015-12-24 22:45:58,441 INFO  [GoogleOAuth] Building PicasaWeb Client...
2015-12-24 22:45:58,724 INFO  [DotoQuizPicasa] Connection established.
2015-12-24 22:46:17,269 INFO  [PicasawebClient] Adding new album: Trip to France
2015-12-24 22:51:12,076 INFO  [DotoQuizPicasa] Starting and setup Doto Parser...
2015-12-24 22:51:13,485 INFO  [Settings] Settings loaded successfully.
2015-12-24 22:51:13,485 INFO  [DotoQuizPicasa] Initialising Web client and authenticating...
2015-12-24 22:51:14,417 INFO  [GoogleOAuth] Preparing to authenticate via OAuth...
2015-12-24 22:51:14,418 INFO  [GoogleOAuth] Getting access token for refresh token..
2015-12-24 22:51:16,381 INFO  [GoogleOAuth] Building PicasaWeb Client...
2015-12-24 22:51:16,954 INFO  [DotoQuizPicasa] Connection established.
2015-12-24 23:38:17,188 INFO  [DotoQuizPicasa] Starting and setup Doto Parser...
2015-12-24 23:38:20,691 INFO  [Settings] Settings loaded successfully.
2015-12-24 23:38:20,691 INFO  [DotoQuizPicasa] Initialising Web client and authenticating...
2015-12-24 23:38:21,646 INFO  [GoogleOAuth] Preparing to authenticate via OAuth...
2015-12-24 23:38:21,647 INFO  [GoogleOAuth] Getting access token for refresh token..
2015-12-24 23:38:24,314 INFO  [GoogleOAuth] Building PicasaWeb Client...
2015-12-24 23:38:24,783 INFO  [DotoQuizPicasa] Connection established.
2015-12-24 23:38:43,087 INFO  [DotoQuizPicasa] Starting and setup Doto Parser...
2015-12-24 23:38:43,491 INFO  [Settings] Settings loaded successfully.
2015-12-24 23:38:43,491 INFO  [DotoQuizPicasa] Initialising Web client and authenticating...
2015-12-24 23:38:43,728 INFO  [GoogleOAuth] Preparing to authenticate via OAuth...
2015-12-24 23:38:43,729 INFO  [GoogleOAuth] Getting access token for refresh token..
2015-12-24 23:38:44,435 INFO  [GoogleOAuth] Building PicasaWeb Client...
2015-12-24 23:38:44,788 INFO  [DotoQuizPicasa] Connection established.
2015-12-24 23:39:17,824 INFO  [DotoQuizPicasa] Starting and setup Doto Parser...
2015-12-24 23:39:18,196 INFO  [Settings] Settings loaded successfully.
2015-12-24 23:39:18,196 INFO  [DotoQuizPicasa] Initialising Web client and authenticating...
2015-12-24 23:39:18,404 INFO  [GoogleOAuth] Preparing to authenticate via OAuth...
2015-12-24 23:39:18,405 INFO  [GoogleOAuth] Getting access token for refresh token..
2015-12-24 23:39:19,151 INFO  [GoogleOAuth] Building PicasaWeb Client...
2015-12-24 23:39:19,476 INFO  [DotoQuizPicasa] Connection established.
2015-12-24 23:45:22,211 INFO  [DotoQuizPicasa] Starting and setup Doto Parser...
2015-12-24 23:45:24,114 INFO  [Settings] Settings loaded successfully.
2015-12-24 23:45:24,114 INFO  [DotoQuizPicasa] Initialising Web client and authenticating...
2015-12-24 23:45:24,837 INFO  [GoogleOAuth] Preparing to authenticate via OAuth...
2015-12-24 23:45:24,838 INFO  [GoogleOAuth] Getting access token for refresh token..
2015-12-24 23:45:26,838 INFO  [GoogleOAuth] Building PicasaWeb Client...
2015-12-24 23:45:27,291 INFO  [DotoQuizPicasa] Connection established.
2015-12-25 00:08:18,692 INFO  [DotoQuizPicasa] Starting and setup Doto Parser...
2015-12-25 00:08:20,457 INFO  [Settings] Settings loaded successfully.
2015-12-25 00:08:20,457 INFO  [DotoQuizPicasa] Initialising Web client and authenticating...
2015-12-25 00:08:20,823 INFO  [GoogleOAuth] Preparing to authenticate via OAuth...
2015-12-25 00:08:20,824 INFO  [GoogleOAuth] Getting access token for refresh token..
2015-12-25 00:08:41,363 ERROR [GoogleOAuth] Exception getting refreshed auth: 
java.net.SocketTimeoutException: connect timed out
	at java.net.PlainSocketImpl.socketConnect(Native Method)
	at java.net.AbstractPlainSocketImpl.doConnect(AbstractPlainSocketImpl.java:350)
	at java.net.AbstractPlainSocketImpl.connectToAddress(AbstractPlainSocketImpl.java:206)
	at java.net.AbstractPlainSocketImpl.connect(AbstractPlainSocketImpl.java:188)
	at java.net.SocksSocketImpl.connect(SocksSocketImpl.java:392)
	at java.net.Socket.connect(Socket.java:589)
	at sun.security.ssl.SSLSocketImpl.connect(SSLSocketImpl.java:668)
	at sun.net.NetworkClient.doConnect(NetworkClient.java:175)
	at sun.net.www.http.HttpClient.openServer(HttpClient.java:432)
	at sun.net.www.http.HttpClient.openServer(HttpClient.java:527)
	at sun.net.www.protocol.https.HttpsClient.<init>(HttpsClient.java:264)
	at sun.net.www.protocol.https.HttpsClient.New(HttpsClient.java:367)
	at sun.net.www.protocol.https.AbstractDelegateHttpsURLConnection.getNewHttpClient(AbstractDelegateHttpsURLConnection.java:191)
	at sun.net.www.protocol.http.HttpURLConnection.plainConnect0(HttpURLConnection.java:1105)
	at sun.net.www.protocol.http.HttpURLConnection.plainConnect(HttpURLConnection.java:999)
	at sun.net.www.protocol.https.AbstractDelegateHttpsURLConnection.connect(AbstractDelegateHttpsURLConnection.java:177)
	at sun.net.www.protocol.http.HttpURLConnection.getOutputStream0(HttpURLConnection.java:1283)
	at sun.net.www.protocol.http.HttpURLConnection.getOutputStream(HttpURLConnection.java:1258)
	at sun.net.www.protocol.https.HttpsURLConnectionImpl.getOutputStream(HttpsURLConnectionImpl.java:250)
	at com.google.api.client.http.javanet.NetHttpRequest.execute(NetHttpRequest.java:77)
	at com.google.api.client.http.HttpRequest.execute(HttpRequest.java:965)
	at com.google.api.client.auth.oauth2.TokenRequest.executeUnparsed(TokenRequest.java:283)
	at com.google.api.client.googleapis.auth.oauth2.GoogleRefreshTokenRequest.execute(GoogleRefreshTokenRequest.java:125)
	at com.dotosoft.tools.dataquizparser.picasa.webclient.GoogleOAuth.getRefreshedCredentials(GoogleOAuth.java:160)
	at com.dotosoft.tools.dataquizparser.picasa.webclient.GoogleOAuth.authenticatePicasa(GoogleOAuth.java:92)
	at com.dotosoft.tools.dataquizparser.DotoQuizPicasa.<init>(DotoQuizPicasa.java:38)
	at com.dotosoft.tools.dataquizparser.DotoQuizPicasa.main(DotoQuizPicasa.java:78)
2015-12-25 00:08:41,368 INFO  [GoogleOAuth] No credentials - beginning OAuth flow...
2015-12-25 00:08:41,417 INFO  [GoogleOAuth] Displaying OAuth Login frame...
2015-12-25 00:08:43,508 INFO  [GoogleOAuth] Initialising login frame on background thread.
2015-12-25 00:08:43,536 INFO  [GoogleOAuth] Initialising WebView on GUI thread...
2015-12-25 00:19:15,303 INFO  [DotoQuizPicasa] Starting and setup Doto Parser...
2015-12-25 00:19:16,806 INFO  [Settings] Settings loaded successfully.
2015-12-25 00:19:16,807 INFO  [DotoQuizPicasa] Initialising Web client and authenticating...
2015-12-25 00:19:17,646 INFO  [GoogleOAuth] Preparing to authenticate via OAuth...
2015-12-25 00:19:17,647 INFO  [GoogleOAuth] Getting access token for refresh token..
2015-12-25 00:19:20,722 INFO  [GoogleOAuth] Building PicasaWeb Client...
2015-12-25 00:19:21,159 INFO  [DotoQuizPicasa] Connection established.
2015-12-25 00:41:32,990 INFO  [App] Starting and setup Doto Parser...
2015-12-25 00:41:33,649 INFO  [Settings] Settings loaded successfully.
2015-12-25 00:41:33,649 INFO  [App] Initialising Web client and authenticating...
2015-12-25 00:41:34,320 INFO  [GoogleOAuth] Preparing to authenticate via OAuth...
2015-12-25 00:41:34,320 INFO  [GoogleOAuth] Getting access token for refresh token..
2015-12-25 00:41:36,180 INFO  [GoogleOAuth] Building PicasaWeb Client...
2015-12-25 00:41:36,633 INFO  [App] Connection established.
2015-12-25 00:41:37,932 INFO  [PicasawebClient] Adding new album: testTopic
2015-12-25 00:41:38,767 INFO  [PicasawebClient] Adding new album: testTopic
2015-12-25 00:41:39,617 INFO  [PicasawebClient] Adding new album: testTopic
2015-12-25 00:41:40,231 INFO  [PicasawebClient] Adding new album: testTopic
2015-12-25 00:41:40,946 INFO  [PicasawebClient] Adding new album: testTopic
2015-12-25 00:41:41,767 INFO  [PicasawebClient] Adding new album: testTopic
2015-12-25 00:41:42,422 INFO  [PicasawebClient] Adding new album: testTopic
2015-12-25 00:41:43,097 INFO  [PicasawebClient] Adding new album: testTopic
2015-12-25 00:41:43,811 INFO  [PicasawebClient] Adding new album: testTopic
2015-12-25 00:43:59,641 INFO  [App] Starting and setup Doto Parser...
2015-12-25 00:44:01,702 INFO  [Settings] Settings loaded successfully.
2015-12-25 00:44:01,702 INFO  [App] Initialising Web client and authenticating...
2015-12-25 00:44:02,483 INFO  [GoogleOAuth] Preparing to authenticate via OAuth...
2015-12-25 00:44:02,484 INFO  [GoogleOAuth] Getting access token for refresh token..
2015-12-25 00:44:04,491 INFO  [GoogleOAuth] Building PicasaWeb Client...
2015-12-25 00:44:05,138 INFO  [App] Connection established.
2015-12-25 00:45:27,473 INFO  [PicasawebClient] Adding new album: testTopic
2015-12-25 00:46:03,568 INFO  [App] Starting and setup Doto Parser...
2015-12-25 00:46:05,038 INFO  [Settings] Settings loaded successfully.
2015-12-25 00:46:05,038 INFO  [App] Initialising Web client and authenticating...
2015-12-25 00:46:05,324 INFO  [GoogleOAuth] Preparing to authenticate via OAuth...
2015-12-25 00:46:05,324 INFO  [GoogleOAuth] Getting access token for refresh token..
2015-12-25 00:46:06,713 INFO  [GoogleOAuth] Building PicasaWeb Client...
2015-12-25 00:46:07,082 INFO  [App] Connection established.
2015-12-25 00:50:13,546 INFO  [App] Starting and setup Doto Parser...
2015-12-25 00:50:14,640 INFO  [Settings] Settings loaded successfully.
2015-12-25 00:50:14,640 INFO  [App] Initialising Web client and authenticating...
2015-12-25 00:50:14,961 INFO  [GoogleOAuth] Preparing to authenticate via OAuth...
2015-12-25 00:50:14,962 INFO  [GoogleOAuth] Getting access token for refresh token..
2015-12-25 00:50:16,265 INFO  [GoogleOAuth] Building PicasaWeb Client...
2015-12-25 00:50:16,575 INFO  [App] Connection established.
2015-12-25 00:50:37,372 INFO  [App] Starting and setup Doto Parser...
2015-12-25 00:50:37,712 INFO  [Settings] Settings loaded successfully.
2015-12-25 00:50:37,712 INFO  [App] Initialising Web client and authenticating...
2015-12-25 00:50:37,909 INFO  [GoogleOAuth] Preparing to authenticate via OAuth...
2015-12-25 00:50:37,910 INFO  [GoogleOAuth] Getting access token for refresh token..
2015-12-25 00:50:38,995 INFO  [GoogleOAuth] Building PicasaWeb Client...
2015-12-25 00:50:39,285 INFO  [App] Connection established.
2015-12-25 00:51:12,679 INFO  [App] Starting and setup Doto Parser...
2015-12-25 00:51:13,245 INFO  [Settings] Settings loaded successfully.
2015-12-25 00:51:13,245 INFO  [App] Initialising Web client and authenticating...
2015-12-25 00:51:13,459 INFO  [GoogleOAuth] Preparing to authenticate via OAuth...
2015-12-25 00:51:13,460 INFO  [GoogleOAuth] Getting access token for refresh token..
2015-12-25 00:51:14,216 INFO  [GoogleOAuth] Building PicasaWeb Client...
2015-12-25 00:51:14,507 INFO  [App] Connection established.
2015-12-25 00:52:35,571 INFO  [App] Starting and setup Doto Parser...
2015-12-25 00:52:36,681 INFO  [Settings] Settings loaded successfully.
2015-12-25 00:52:36,681 INFO  [App] Initialising Web client and authenticating...
2015-12-25 00:52:36,922 INFO  [GoogleOAuth] Preparing to authenticate via OAuth...
2015-12-25 00:52:36,923 INFO  [GoogleOAuth] Getting access token for refresh token..
2015-12-25 00:52:38,025 INFO  [GoogleOAuth] Building PicasaWeb Client...
2015-12-25 00:52:38,307 INFO  [App] Connection established.
2015-12-25 00:57:29,975 INFO  [App] Starting and setup Doto Parser...
2015-12-25 00:57:30,370 INFO  [Settings] Settings loaded successfully.
2015-12-25 00:57:30,371 INFO  [App] Initialising Web client and authenticating...
2015-12-25 00:57:30,602 INFO  [GoogleOAuth] Preparing to authenticate via OAuth...
2015-12-25 00:57:30,603 INFO  [GoogleOAuth] Getting access token for refresh token..
2015-12-25 00:57:31,965 INFO  [GoogleOAuth] Building PicasaWeb Client...
2015-12-25 00:57:32,271 INFO  [App] Connection established.
2015-12-25 01:21:44,525 INFO  [App] Starting and setup Doto Parser...
2015-12-25 01:21:46,902 INFO  [Settings] Settings loaded successfully.
2015-12-25 01:21:46,902 INFO  [App] Initialising Web client and authenticating...
2015-12-25 01:21:47,625 INFO  [GoogleOAuth] Preparing to authenticate via OAuth...
2015-12-25 01:21:47,626 INFO  [GoogleOAuth] Getting access token for refresh token..
2015-12-25 01:21:50,359 INFO  [GoogleOAuth] Building PicasaWeb Client...
2015-12-25 01:21:50,923 INFO  [App] Connection established.
2015-12-25 01:21:52,151 INFO  [PicasawebClient] Adding new album: testTopic
2015-12-25 01:40:14,254 INFO  [App] Starting and setup Doto Parser...
2015-12-25 01:40:17,781 INFO  [Settings] Settings loaded successfully.
2015-12-25 01:40:17,782 INFO  [App] Initialising Web client and authenticating...
2015-12-25 01:40:19,330 INFO  [GoogleOAuth] Preparing to authenticate via OAuth...
2015-12-25 01:40:19,332 INFO  [GoogleOAuth] Getting access token for refresh token..
2015-12-25 01:40:22,773 INFO  [GoogleOAuth] Building PicasaWeb Client...
2015-12-25 01:40:24,227 INFO  [App] Connection established.
2015-12-25 01:41:28,197 INFO  [App] Starting and setup Doto Parser...
2015-12-25 01:42:44,967 INFO  [Settings] Settings loaded successfully.
2015-12-25 01:42:45,011 INFO  [App] Initialising Web client and authenticating...
2015-12-25 01:42:45,960 INFO  [GoogleOAuth] Preparing to authenticate via OAuth...
2015-12-25 01:42:45,966 INFO  [GoogleOAuth] Getting access token for refresh token..
2015-12-25 01:42:48,797 INFO  [GoogleOAuth] Building PicasaWeb Client...
2015-12-25 01:42:50,416 INFO  [App] Connection established.
2015-12-25 01:43:51,306 INFO  [App] Starting and setup Doto Parser...
2015-12-25 01:44:02,683 INFO  [Settings] Settings loaded successfully.
2015-12-25 02:20:02,351 INFO  [App] Starting and setup Doto Parser...
2015-12-25 02:20:03,997 INFO  [Settings] Settings loaded successfully.
2015-12-25 02:20:03,997 ERROR [App] Error: Could not run DataQuizParser.
2015-12-25 02:20:29,660 INFO  [App] Starting and setup Doto Parser...
2015-12-25 02:20:31,146 INFO  [Settings] Settings loaded successfully.
2015-12-25 02:20:31,146 ERROR [App] Error: Could not run DataQuizParser.
2015-12-25 02:22:16,206 INFO  [App] Starting and setup Doto Parser...
2015-12-25 02:23:20,961 INFO  [Settings] Settings loaded successfully.
2015-12-25 02:23:22,644 INFO  [App] Initialising Web client and authenticating...
2015-12-25 02:23:23,690 INFO  [GoogleOAuth] Preparing to authenticate via OAuth...
2015-12-25 02:23:23,691 INFO  [GoogleOAuth] Getting access token for refresh token..
2015-12-25 02:23:26,236 INFO  [GoogleOAuth] Building PicasaWeb Client...
2015-12-25 02:23:27,187 INFO  [App] Connection established.
2015-12-25 02:24:05,675 INFO  [App] Starting and setup Doto Parser...
2015-12-25 02:24:13,737 INFO  [Settings] Settings saved successfully.
2015-12-25 02:24:13,738 INFO  [Settings] Settings loaded successfully.
2015-12-25 02:24:13,738 INFO  [App] Initialising Web client and authenticating...
2015-12-25 02:24:13,976 INFO  [GoogleOAuth] Preparing to authenticate via OAuth...
2015-12-25 02:24:13,977 INFO  [GoogleOAuth] No credentials - beginning OAuth flow...
2015-12-25 02:24:14,096 INFO  [GoogleOAuth] Displaying OAuth Login frame...
2015-12-25 02:24:16,375 INFO  [GoogleOAuth] Initialising login frame on background thread.
2015-12-25 02:24:16,375 INFO  [GoogleOAuth] Initialising WebView on GUI thread...
2015-12-25 02:24:22,184 INFO  [GoogleOAuth] Page refreshed: Sign in - Google Accounts
2015-12-25 02:24:49,846 INFO  [App] Starting and setup Doto Parser...
2015-12-25 02:25:09,246 INFO  [App] Starting and setup Doto Parser...
2015-12-25 02:26:03,366 INFO  [Settings] Settings loaded successfully.
2015-12-25 02:26:03,380 INFO  [App] Initialising Web client and authenticating...
2015-12-25 02:26:03,635 INFO  [GoogleOAuth] Preparing to authenticate via OAuth...
2015-12-25 02:26:03,636 INFO  [GoogleOAuth] No credentials - beginning OAuth flow...
2015-12-25 02:26:03,720 INFO  [GoogleOAuth] Displaying OAuth Login frame...
2015-12-25 02:26:04,320 INFO  [GoogleOAuth] Initialising login frame on background thread.
2015-12-25 02:26:04,321 INFO  [GoogleOAuth] Initialising WebView on GUI thread...
2015-12-25 02:26:07,583 INFO  [GoogleOAuth] Page refreshed: Sign in - Google Accounts
2015-12-25 02:26:21,442 INFO  [GoogleOAuth] Page refreshed: Google Accounts
2015-12-25 02:26:30,081 INFO  [GoogleOAuth] Page refreshed: Permintaan Izin
2015-12-25 02:26:32,724 INFO  [GoogleOAuth] Page refreshed: Success code=4/HNl_wcbACi0vboarZ7J_LIxEVF1QwibLo_0pX1Kcf-s
2015-12-25 02:26:32,724 INFO  [GoogleOAuth] Hiding login panel.
2015-12-25 02:26:32,725 INFO  [GoogleOAuth] User closed window.
2015-12-25 02:26:32,725 INFO  [GoogleOAuth] Token received from UI. Requesting credentials...
2015-12-25 02:26:33,043 INFO  [GoogleOAuth] Credentials received - storing refresh token...
2015-12-25 02:26:49,082 ERROR [App] Exception while authenticating.
java.lang.NullPointerException
	at java.util.prefs.AbstractPreferences.put(AbstractPreferences.java:241)
	at com.dotosoft.tools.dataquizparser.picasa.config.Settings.saveSettings(Settings.java:84)
	at com.dotosoft.tools.dataquizparser.picasa.config.Settings.setRefreshToken(Settings.java:47)
	at com.dotosoft.tools.dataquizparser.picasa.webclient.GoogleOAuth.authenticatePicasa(GoogleOAuth.java:137)
	at com.dotosoft.tools.dataquizparser.App.<init>(App.java:50)
	at com.dotosoft.tools.dataquizparser.App.main(App.java:169)
2015-12-25 02:26:49,115 WARN  [App] Unable to re-authenticate. User will need to auth interactively.
2015-12-25 02:27:23,957 INFO  [App] Starting and setup Doto Parser...
2015-12-25 02:29:22,468 INFO  [App] Starting and setup Doto Parser...
2015-12-25 02:29:22,830 INFO  [Settings] Settings loaded successfully.
2015-12-25 02:29:22,831 INFO  [App] Initialising Web client and authenticating...
2015-12-25 02:29:23,086 INFO  [GoogleOAuth] Preparing to authenticate via OAuth...
2015-12-25 02:29:23,087 INFO  [GoogleOAuth] No credentials - beginning OAuth flow...
2015-12-25 02:29:23,159 INFO  [GoogleOAuth] Displaying OAuth Login frame...
2015-12-25 02:29:23,806 INFO  [GoogleOAuth] Initialising login frame on background thread.
2015-12-25 02:29:23,806 INFO  [GoogleOAuth] Initialising WebView on GUI thread...
2015-12-25 02:29:27,142 INFO  [GoogleOAuth] Page refreshed: Sign in - Google Accounts
2015-12-25 02:30:00,975 INFO  [App] Starting and setup Doto Parser...
2015-12-25 02:31:25,232 INFO  [Settings] Settings saved successfully.
2015-12-25 02:31:25,232 INFO  [Settings] Settings loaded successfully.
2015-12-25 02:31:25,233 INFO  [App] Initialising Web client and authenticating...
2015-12-25 02:31:25,470 INFO  [GoogleOAuth] Preparing to authenticate via OAuth...
2015-12-25 02:31:25,471 INFO  [GoogleOAuth] No credentials - beginning OAuth flow...
2015-12-25 02:31:25,569 INFO  [GoogleOAuth] Displaying OAuth Login frame...
2015-12-25 02:31:25,980 INFO  [GoogleOAuth] Initialising login frame on background thread.
2015-12-25 02:31:25,981 INFO  [GoogleOAuth] Initialising WebView on GUI thread...
2015-12-25 02:31:29,400 INFO  [GoogleOAuth] Page refreshed: Sign in - Google Accounts
2015-12-25 02:31:37,203 INFO  [GoogleOAuth] Page refreshed: Google Accounts
2015-12-25 02:31:41,330 INFO  [GoogleOAuth] Page refreshed: Permintaan Izin
2015-12-25 02:31:45,062 INFO  [GoogleOAuth] Page refreshed: Success code=4/kUF3D-cWBn5HdSlmg2CxDERQ8yDkAJOSIn3lEb9iNp0
2015-12-25 02:31:45,063 INFO  [GoogleOAuth] Hiding login panel.
2015-12-25 02:31:45,063 INFO  [GoogleOAuth] User closed window.
2015-12-25 02:31:45,064 INFO  [GoogleOAuth] Token received from UI. Requesting credentials...
2015-12-25 02:31:45,403 INFO  [GoogleOAuth] Credentials received - storing refresh token...
2015-12-25 02:32:16,724 INFO  [Settings] Settings saved successfully.
2015-12-25 02:32:24,708 INFO  [Settings] Settings saved successfully.
2015-12-25 02:32:24,708 INFO  [GoogleOAuth] Building PicasaWeb Client...
2015-12-25 02:32:25,038 INFO  [App] Connection established.
2015-12-25 02:39:27,881 INFO  [App] Starting and setup Doto Parser...
2015-12-25 02:39:30,548 INFO  [Settings] Settings loaded successfully.
2015-12-25 02:39:30,549 INFO  [App] Initialising Web client and authenticating...
2015-12-25 02:39:31,312 INFO  [GoogleOAuth] Preparing to authenticate via OAuth...
2015-12-25 02:39:31,313 INFO  [GoogleOAuth] Getting access token for refresh token..
2015-12-25 02:39:33,960 INFO  [GoogleOAuth] Building PicasaWeb Client...
2015-12-25 02:39:34,529 INFO  [App] Connection established.
2015-12-25 02:39:41,406 INFO  [PicasawebClient] Adding new album: testTopic
2015-12-25 02:53:54,189 INFO  [App] Starting and setup Doto Parser...
2015-12-25 02:53:56,863 INFO  [Settings] Settings loaded successfully.
2015-12-25 02:53:56,863 INFO  [App] Initialising Web client and authenticating...
2015-12-25 02:53:57,584 INFO  [GoogleOAuth] Preparing to authenticate via OAuth...
2015-12-25 02:53:57,585 INFO  [GoogleOAuth] Getting access token for refresh token..
2015-12-25 02:53:59,721 INFO  [GoogleOAuth] Building PicasaWeb Client...
2015-12-25 02:54:00,233 INFO  [App] Connection established.
2015-12-25 02:59:50,330 INFO  [App] Starting and setup Doto Parser...
2015-12-25 02:59:52,207 INFO  [Settings] Settings loaded successfully.
2015-12-25 02:59:52,208 INFO  [App] Initialising Web client and authenticating...
2015-12-25 02:59:53,013 INFO  [GoogleOAuth] Preparing to authenticate via OAuth...
2015-12-25 02:59:53,014 INFO  [GoogleOAuth] Getting access token for refresh token..
2015-12-25 02:59:54,997 INFO  [GoogleOAuth] Building PicasaWeb Client...
2015-12-25 02:59:55,882 INFO  [App] Connection established.
2015-12-25 03:01:07,404 INFO  [App] Starting and setup Doto Parser...
2015-12-25 03:01:08,846 INFO  [Settings] Settings loaded successfully.
2015-12-25 03:01:08,847 INFO  [App] Initialising Web client and authenticating...
2015-12-25 03:01:09,109 INFO  [GoogleOAuth] Preparing to authenticate via OAuth...
2015-12-25 03:01:09,109 INFO  [GoogleOAuth] Getting access token for refresh token..
2015-12-25 03:01:10,007 INFO  [GoogleOAuth] Building PicasaWeb Client...
2015-12-25 03:01:10,319 INFO  [App] Connection established.
2015-12-25 11:40:14,066 INFO  [App] Starting and setup Doto Parser...
2015-12-25 11:40:16,415 INFO  [Settings] Settings loaded successfully.
2015-12-25 11:40:16,416 INFO  [App] Initialising Web client and authenticating...
2015-12-25 11:40:17,473 INFO  [GoogleOAuth] Preparing to authenticate via OAuth...
2015-12-25 11:40:17,474 INFO  [GoogleOAuth] Getting access token for refresh token..
2015-12-25 11:40:19,912 INFO  [GoogleOAuth] Building PicasaWeb Client...
2015-12-25 11:40:20,510 INFO  [App] Connection established.
2015-12-25 11:41:32,834 INFO  [App] Starting and setup Doto Parser...
2015-12-25 11:41:33,422 INFO  [Settings] Settings loaded successfully.
2015-12-25 11:41:33,423 INFO  [App] Initialising Web client and authenticating...
2015-12-25 11:41:33,661 INFO  [GoogleOAuth] Preparing to authenticate via OAuth...
2015-12-25 11:41:33,662 INFO  [GoogleOAuth] Getting access token for refresh token..
2015-12-25 11:41:34,350 INFO  [GoogleOAuth] Building PicasaWeb Client...
2015-12-25 11:41:34,597 INFO  [App] Connection established.
2015-12-25 11:58:09,904 INFO  [App] Starting and setup Doto Parser...
2015-12-25 11:58:12,015 INFO  [Settings] Settings loaded successfully.
2015-12-25 11:58:12,016 INFO  [App] Initialising Web client and authenticating...
2015-12-25 11:58:12,654 INFO  [GoogleOAuth] Preparing to authenticate via OAuth...
2015-12-25 11:58:12,654 INFO  [GoogleOAuth] Getting access token for refresh token..
2015-12-25 11:58:14,577 INFO  [GoogleOAuth] Building PicasaWeb Client...
2015-12-25 11:58:14,988 INFO  [App] Connection established.
2015-12-25 11:59:03,576 INFO  [App] Starting and setup Doto Parser...
2015-12-25 12:00:58,389 INFO  [App] Starting and setup Doto Parser...
2015-12-25 12:01:07,230 INFO  [Settings] Settings loaded successfully.
2015-12-25 12:01:07,231 INFO  [App] Initialising Web client and authenticating...
2015-12-25 12:01:07,507 INFO  [GoogleOAuth] Preparing to authenticate via OAuth...
2015-12-25 12:01:07,508 INFO  [GoogleOAuth] Getting access token for refresh token..
2015-12-25 12:01:08,727 INFO  [GoogleOAuth] Building PicasaWeb Client...
2015-12-25 12:01:09,073 INFO  [App] Connection established.
2015-12-25 12:36:44,176 INFO  [App] Starting and setup Doto Parser...
2015-12-25 12:36:44,701 INFO  [Settings] Settings loaded successfully.
2015-12-25 12:36:44,701 INFO  [App] Initialising Web client and authenticating...
2015-12-25 12:36:45,003 INFO  [GoogleOAuth] Preparing to authenticate via OAuth...
2015-12-25 12:36:45,004 INFO  [GoogleOAuth] Getting access token for refresh token..
2015-12-25 12:36:46,721 INFO  [GoogleOAuth] Building PicasaWeb Client...
2015-12-25 12:36:47,073 INFO  [App] Connection established.
2015-12-25 12:37:39,755 INFO  [PicasawebClient] Uploading updated image in album testTopic: /Users/denis/Documents/Dotosoft/DataQuizParser/Data/testTopic/topic.png
2015-12-25 12:39:26,478 INFO  [App] Starting and setup Doto Parser...
2015-12-25 12:39:27,322 INFO  [Settings] Settings loaded successfully.
2015-12-25 12:39:27,322 INFO  [App] Initialising Web client and authenticating...
2015-12-25 12:39:27,617 INFO  [GoogleOAuth] Preparing to authenticate via OAuth...
2015-12-25 12:39:27,617 INFO  [GoogleOAuth] Getting access token for refresh token..
2015-12-25 12:39:28,655 INFO  [GoogleOAuth] Building PicasaWeb Client...
2015-12-25 12:39:29,049 INFO  [App] Connection established.
2015-12-25 12:40:03,179 INFO  [PicasawebClient] Uploading updated image in album testTopic: /Users/denis/Documents/Dotosoft/DataQuizParser/Data/testTopic/topic.png
2015-12-25 12:40:12,444 INFO  [App] Starting and setup Doto Parser...
2015-12-25 12:40:12,773 INFO  [Settings] Settings loaded successfully.
2015-12-25 12:40:12,774 INFO  [App] Initialising Web client and authenticating...
2015-12-25 12:40:13,002 INFO  [GoogleOAuth] Preparing to authenticate via OAuth...
2015-12-25 12:40:13,003 INFO  [GoogleOAuth] Getting access token for refresh token..
2015-12-25 12:40:13,958 INFO  [GoogleOAuth] Building PicasaWeb Client...
2015-12-25 12:40:14,239 INFO  [App] Connection established.
2015-12-25 12:40:26,697 INFO  [PicasawebClient] Uploading updated image in album testTopic: /Users/denis/Documents/Dotosoft/DataQuizParser/Data/testTopic/topic.png
2015-12-25 12:41:19,572 INFO  [App] Starting and setup Doto Parser...
2015-12-25 12:41:19,927 INFO  [Settings] Settings loaded successfully.
2015-12-25 12:41:19,927 INFO  [App] Initialising Web client and authenticating...
2015-12-25 12:41:20,148 INFO  [GoogleOAuth] Preparing to authenticate via OAuth...
2015-12-25 12:41:20,149 INFO  [GoogleOAuth] Getting access token for refresh token..
2015-12-25 12:41:21,135 INFO  [GoogleOAuth] Building PicasaWeb Client...
2015-12-25 12:41:21,477 INFO  [App] Connection established.
2015-12-25 12:41:32,939 INFO  [PicasawebClient] Uploading new image to album testTopic: /Users/denis/Documents/Dotosoft/DataQuizParser/Data/testTopic/topic.png
2015-12-25 12:42:28,240 INFO  [PicasawebClient] Uploading new image to album testTopic: /Users/denis/Documents/Dotosoft/DataQuizParser/Data/testTopic/topic.png
2015-12-25 12:43:04,278 INFO  [PicasawebClient] Setting local file time to 2015-12-25T05:42:38.484Z for topic.png
2015-12-25 12:44:53,808 INFO  [App] Starting and setup Doto Parser...
2015-12-25 12:44:54,915 INFO  [Settings] Settings loaded successfully.
2015-12-25 12:44:54,915 INFO  [App] Initialising Web client and authenticating...
2015-12-25 12:44:55,650 INFO  [GoogleOAuth] Preparing to authenticate via OAuth...
2015-12-25 12:44:55,651 INFO  [GoogleOAuth] Getting access token for refresh token..
2015-12-25 12:44:57,492 INFO  [GoogleOAuth] Building PicasaWeb Client...
2015-12-25 12:44:57,835 INFO  [App] Connection established.
2015-12-25 12:51:17,916 INFO  [App] Starting and setup Doto Parser...
2015-12-25 12:51:18,251 INFO  [Settings] Settings loaded successfully.
2015-12-25 12:51:18,251 INFO  [App] Initialising Web client and authenticating...
2015-12-25 12:51:18,472 INFO  [GoogleOAuth] Preparing to authenticate via OAuth...
2015-12-25 12:51:18,473 INFO  [GoogleOAuth] Getting access token for refresh token..
2015-12-25 12:51:19,760 INFO  [GoogleOAuth] Building PicasaWeb Client...
2015-12-25 12:51:20,081 INFO  [App] Connection established.
2015-12-25 12:58:33,788 INFO  [App] Starting and setup Doto Parser...
2015-12-25 12:58:34,431 INFO  [Settings] Settings loaded successfully.
2015-12-25 12:58:34,431 INFO  [App] Initialising Web client and authenticating...
2015-12-25 12:58:34,629 INFO  [GoogleOAuth] Preparing to authenticate via OAuth...
2015-12-25 12:58:34,630 INFO  [GoogleOAuth] Getting access token for refresh token..
2015-12-25 12:58:35,844 INFO  [GoogleOAuth] Building PicasaWeb Client...
2015-12-25 12:58:36,079 INFO  [App] Connection established.
2015-12-25 13:00:12,801 INFO  [App] Starting and setup Doto Parser...
2015-12-25 13:00:13,375 INFO  [Settings] Settings loaded successfully.
2015-12-25 13:00:13,375 INFO  [App] Initialising Web client and authenticating...
2015-12-25 13:00:13,641 INFO  [GoogleOAuth] Preparing to authenticate via OAuth...
2015-12-25 13:00:13,642 INFO  [GoogleOAuth] Getting access token for refresh token..
2015-12-25 13:00:14,525 INFO  [GoogleOAuth] Building PicasaWeb Client...
2015-12-25 13:00:14,826 INFO  [App] Connection established.
2015-12-25 13:00:44,767 INFO  [App] Starting and setup Doto Parser...
2015-12-25 13:00:45,055 INFO  [Settings] Settings loaded successfully.
2015-12-25 13:00:45,055 INFO  [App] Initialising Web client and authenticating...
2015-12-25 13:00:45,370 INFO  [GoogleOAuth] Preparing to authenticate via OAuth...
2015-12-25 13:00:45,371 INFO  [GoogleOAuth] Getting access token for refresh token..
2015-12-25 13:00:46,051 INFO  [GoogleOAuth] Building PicasaWeb Client...
2015-12-25 13:00:46,327 INFO  [App] Connection established.
2015-12-25 13:06:16,459 INFO  [App] Starting and setup Doto Parser...
2015-12-25 13:06:17,034 INFO  [Settings] Settings loaded successfully [ BATCH_UPLOAD, /Users/denis/Documents/Dotosoft/DataQuizParser/Data/Pertanyaan.xlsx ]
2015-12-25 13:06:17,035 INFO  [App] Initialising Web client and authenticating...
2015-12-25 13:06:17,296 INFO  [GoogleOAuth] Preparing to authenticate via OAuth...
2015-12-25 13:06:17,297 INFO  [GoogleOAuth] Getting access token for refresh token..
2015-12-25 13:06:18,513 INFO  [GoogleOAuth] Building PicasaWeb Client...
2015-12-25 13:06:18,812 INFO  [App] Connection established.
2015-12-25 13:08:16,522 INFO  [App] Starting and setup Doto Parser...
2015-12-25 13:08:17,186 INFO  [Settings] Application Type : BATCH_UPLOAD
2015-12-25 13:08:17,186 INFO  [Settings] Sync Data File : /Users/denis/Documents/Dotosoft/DataQuizParser/Data/Pertanyaan.xlsx
2015-12-25 13:08:17,187 INFO  [Settings] Settings loaded successfully.
2015-12-25 13:08:17,187 INFO  [App] Initialising Web client and authenticating...
2015-12-25 13:08:17,374 INFO  [GoogleOAuth] Preparing to authenticate via OAuth...
2015-12-25 13:08:17,375 INFO  [GoogleOAuth] Getting access token for refresh token..
2015-12-25 13:08:19,010 INFO  [GoogleOAuth] Building PicasaWeb Client...
2015-12-25 13:08:19,235 INFO  [App] Connection established.
2015-12-25 13:11:41,297 INFO  [App] Starting and setup Doto Parser...
2015-12-25 13:11:41,896 INFO  [Settings] Application Type : BATCH_UPLOAD
2015-12-25 13:11:41,896 INFO  [Settings] Sync Data File : /Users/denis/Documents/Dotosoft/DataQuizParser/Data/Pertanyaan.xlsx
2015-12-25 13:11:41,897 INFO  [Settings] Settings loaded successfully.
2015-12-25 13:11:41,897 INFO  [App] Initialising Web client and authenticating...
2015-12-25 13:11:42,131 INFO  [GoogleOAuth] Preparing to authenticate via OAuth...
2015-12-25 13:11:42,132 INFO  [GoogleOAuth] Getting access token for refresh token..
2015-12-25 13:11:43,670 INFO  [GoogleOAuth] Building PicasaWeb Client...
2015-12-25 13:11:43,929 INFO  [App] Connection established.
2015-12-25 13:11:45,140 INFO  [App] Get topic 'topic name'
2015-12-25 13:11:46,082 INFO  [PicasawebClient] Adding new album: topic name
2015-12-25 13:11:46,818 INFO  [App] Get topic 'topic name'
2015-12-25 13:11:47,633 INFO  [App] there is no topic image at 'topic name'
2015-12-25 13:11:47,721 INFO  [PicasawebClient] Uploading new image to album topic name: /Users/denis/Documents/Dotosoft/DataQuizParser/Data/topic name/topic.png
2015-12-25 13:11:47,836 ERROR [PicasawebClient] Unable to add media: /Users/denis/Documents/Dotosoft/DataQuizParser/Data/topic name/topic.png: java.io.FileNotFoundException: /Users/denis/Documents/Dotosoft/DataQuizParser/Data/topic name/topic.png (No such file or directory)
2015-12-25 13:11:47,836 INFO  [PicasawebClient] Setting local file time to null for topic.png
2015-12-25 13:11:47,838 ERROR [PicasawebClient] Unable to change lastUpdate date for topic.png
2015-12-25 13:11:47,838 INFO  [App] Get topic 'topic name'
2015-12-25 13:14:15,898 INFO  [App] Starting and setup Doto Parser...
2015-12-25 13:14:17,753 INFO  [Settings] Application Type : BATCH_UPLOAD
2015-12-25 13:14:17,753 INFO  [Settings] Sync Data File : /Users/denis/Documents/Dotosoft/DataQuizParser/Data/Pertanyaan.xlsx
2015-12-25 13:14:17,753 INFO  [Settings] Settings loaded successfully.
2015-12-25 13:14:17,754 INFO  [App] Initialising Web client and authenticating...
2015-12-25 13:14:18,485 INFO  [GoogleOAuth] Preparing to authenticate via OAuth...
2015-12-25 13:14:18,486 INFO  [GoogleOAuth] Getting access token for refresh token..
2015-12-25 13:14:20,342 INFO  [GoogleOAuth] Building PicasaWeb Client...
2015-12-25 13:14:20,929 INFO  [App] Connection established.
2015-12-25 13:14:23,104 INFO  [App] Get topic 'topic name'
2015-12-25 13:14:24,717 INFO  [App] there is no topic image at 'topic name'
2015-12-25 13:14:24,836 INFO  [PicasawebClient] Uploading new image to album topic name: /Users/denis/Documents/Dotosoft/DataQuizParser/Data/topic name/topic.png
2015-12-25 13:14:24,977 ERROR [PicasawebClient] Unable to add media: /Users/denis/Documents/Dotosoft/DataQuizParser/Data/topic name/topic.png: java.io.FileNotFoundException: /Users/denis/Documents/Dotosoft/DataQuizParser/Data/topic name/topic.png (No such file or directory)
2015-12-25 13:14:24,977 INFO  [PicasawebClient] Setting local file time to null for topic.png
2015-12-25 13:14:24,977 ERROR [PicasawebClient] Unable to change lastUpdate date for topic.png
2015-12-25 13:14:24,977 INFO  [App] Get topic 'topic name'
2015-12-25 13:14:26,865 INFO  [App] there is no topic image at 'topic name'
2015-12-25 13:14:26,866 INFO  [PicasawebClient] Uploading new image to album topic name: /Users/denis/Documents/Dotosoft/DataQuizParser/Data/topic name/topic.png
2015-12-25 13:14:26,870 ERROR [PicasawebClient] Unable to add media: /Users/denis/Documents/Dotosoft/DataQuizParser/Data/topic name/topic.png: java.io.FileNotFoundException: /Users/denis/Documents/Dotosoft/DataQuizParser/Data/topic name/topic.png (No such file or directory)
2015-12-25 13:14:26,871 INFO  [PicasawebClient] Setting local file time to null for topic.png
2015-12-25 13:14:26,871 ERROR [PicasawebClient] Unable to change lastUpdate date for topic.png
2015-12-25 13:14:26,871 INFO  [App] Get topic 'topic name'
2015-12-25 13:14:28,658 INFO  [App] there is no topic image at 'topic name'
2015-12-25 13:14:28,659 INFO  [PicasawebClient] Uploading new image to album topic name: /Users/denis/Documents/Dotosoft/DataQuizParser/Data/topic name/topic.png
2015-12-25 13:14:28,663 ERROR [PicasawebClient] Unable to add media: /Users/denis/Documents/Dotosoft/DataQuizParser/Data/topic name/topic.png: java.io.FileNotFoundException: /Users/denis/Documents/Dotosoft/DataQuizParser/Data/topic name/topic.png (No such file or directory)
2015-12-25 13:14:28,664 INFO  [PicasawebClient] Setting local file time to null for topic.png
2015-12-25 13:14:28,664 ERROR [PicasawebClient] Unable to change lastUpdate date for topic.png
2015-12-25 13:14:28,664 INFO  [App] Get topic 'topic name'
2015-12-25 13:14:30,653 INFO  [App] there is no topic image at 'topic name'
2015-12-25 13:14:30,654 INFO  [PicasawebClient] Uploading new image to album topic name: /Users/denis/Documents/Dotosoft/DataQuizParser/Data/topic name/topic.png
2015-12-25 13:14:30,657 ERROR [PicasawebClient] Unable to add media: /Users/denis/Documents/Dotosoft/DataQuizParser/Data/topic name/topic.png: java.io.FileNotFoundException: /Users/denis/Documents/Dotosoft/DataQuizParser/Data/topic name/topic.png (No such file or directory)
2015-12-25 13:14:30,657 INFO  [PicasawebClient] Setting local file time to null for topic.png
2015-12-25 13:14:30,657 ERROR [PicasawebClient] Unable to change lastUpdate date for topic.png
2015-12-25 13:14:30,658 INFO  [App] Get topic 'topic name'
2015-12-25 13:14:32,599 INFO  [App] there is no topic image at 'topic name'
2015-12-25 13:14:32,600 INFO  [PicasawebClient] Uploading new image to album topic name: /Users/denis/Documents/Dotosoft/DataQuizParser/Data/topic name/topic.png
2015-12-25 13:14:32,604 ERROR [PicasawebClient] Unable to add media: /Users/denis/Documents/Dotosoft/DataQuizParser/Data/topic name/topic.png: java.io.FileNotFoundException: /Users/denis/Documents/Dotosoft/DataQuizParser/Data/topic name/topic.png (No such file or directory)
2015-12-25 13:14:32,604 INFO  [PicasawebClient] Setting local file time to null for topic.png
2015-12-25 13:14:32,605 ERROR [PicasawebClient] Unable to change lastUpdate date for topic.png
2015-12-25 13:14:32,605 INFO  [App] Get topic 'topic name'
2015-12-25 13:14:34,361 INFO  [App] there is no topic image at 'topic name'
2015-12-25 13:14:34,362 INFO  [PicasawebClient] Uploading new image to album topic name: /Users/denis/Documents/Dotosoft/DataQuizParser/Data/topic name/topic.png
2015-12-25 13:14:34,367 ERROR [PicasawebClient] Unable to add media: /Users/denis/Documents/Dotosoft/DataQuizParser/Data/topic name/topic.png: java.io.FileNotFoundException: /Users/denis/Documents/Dotosoft/DataQuizParser/Data/topic name/topic.png (No such file or directory)
2015-12-25 13:14:34,367 INFO  [PicasawebClient] Setting local file time to null for topic.png
2015-12-25 13:14:34,367 ERROR [PicasawebClient] Unable to change lastUpdate date for topic.png
2015-12-25 13:14:34,367 INFO  [App] Get topic 'topic name'
2015-12-25 13:14:59,323 INFO  [App] Starting and setup Doto Parser...
2015-12-25 13:14:59,948 INFO  [Settings] Application Type : BATCH_UPLOAD
2015-12-25 13:14:59,948 INFO  [Settings] Sync Data File : /Users/denis/Documents/Dotosoft/DataQuizParser/Data/Pertanyaan.xlsx
2015-12-25 13:14:59,948 INFO  [Settings] Settings loaded successfully.
2015-12-25 13:14:59,948 INFO  [App] Initialising Web client and authenticating...
2015-12-25 13:15:00,260 INFO  [GoogleOAuth] Preparing to authenticate via OAuth...
2015-12-25 13:15:00,261 INFO  [GoogleOAuth] Getting access token for refresh token..
2015-12-25 13:15:01,198 INFO  [GoogleOAuth] Building PicasaWeb Client...
2015-12-25 13:15:01,569 INFO  [App] Connection established.
2015-12-25 13:15:43,489 INFO  [App] Get topic 'Art & Design'
2015-12-25 13:15:44,444 INFO  [PicasawebClient] Adding new album: Art & Design
2015-12-25 13:15:45,308 INFO  [App] Get topic 'Art & Design'
2015-12-25 13:15:46,124 INFO  [App] there is no topic image at 'Art & Design'
2015-12-25 13:17:36,234 INFO  [App] Starting and setup Doto Parser...
2015-12-25 13:17:37,401 INFO  [Settings] Application Type : BATCH_UPLOAD
2015-12-25 13:17:37,402 INFO  [Settings] Sync Data File : /Users/denis/Documents/Dotosoft/DataQuizParser/Data/Pertanyaan.xlsx
2015-12-25 13:17:37,402 INFO  [Settings] Settings loaded successfully.
2015-12-25 13:17:37,402 INFO  [App] Initialising Web client and authenticating...
2015-12-25 13:17:37,688 INFO  [GoogleOAuth] Preparing to authenticate via OAuth...
2015-12-25 13:17:37,689 INFO  [GoogleOAuth] Getting access token for refresh token..
2015-12-25 13:17:38,692 INFO  [GoogleOAuth] Building PicasaWeb Client...
2015-12-25 13:17:38,963 INFO  [App] Connection established.
2015-12-25 13:17:40,279 INFO  [App] Get topic 'Art & Design'
2015-12-25 13:17:41,636 INFO  [App] there is no topic image at 'Art & Design'
2015-12-25 13:17:41,654 ERROR [App] File '/Users/denis/Documents/Dotosoft/DataQuizParser/Data/Art & Design/topic.png' is not found
2015-12-25 13:18:18,753 INFO  [App] Starting and setup Doto Parser...
2015-12-25 13:18:19,217 INFO  [Settings] Application Type : BATCH_UPLOAD
2015-12-25 13:18:19,217 INFO  [Settings] Sync Data File : /Users/denis/Documents/Dotosoft/DataQuizParser/Data/Pertanyaan.xlsx
2015-12-25 13:18:19,218 INFO  [Settings] Settings loaded successfully.
2015-12-25 13:18:19,218 INFO  [App] Initialising Web client and authenticating...
2015-12-25 13:18:19,426 INFO  [GoogleOAuth] Preparing to authenticate via OAuth...
2015-12-25 13:18:19,427 INFO  [GoogleOAuth] Getting access token for refresh token..
2015-12-25 13:18:20,312 INFO  [GoogleOAuth] Building PicasaWeb Client...
2015-12-25 13:18:20,537 INFO  [App] Connection established.
2015-12-25 13:18:21,811 INFO  [App] Get topic 'Art & Design'
2015-12-25 13:18:23,106 INFO  [App] there is no topic image at 'Art & Design'. Wait for uploading...
2015-12-25 13:18:23,114 ERROR [App] File '/Users/denis/Documents/Dotosoft/DataQuizParser/Data/Art & Design/topic.png' is not found
2015-12-25 13:19:30,151 INFO  [App] Starting and setup Doto Parser...
2015-12-25 13:19:30,448 INFO  [Settings] Application Type : BATCH_UPLOAD
2015-12-25 13:19:30,449 INFO  [Settings] Sync Data File : /Users/denis/Documents/Dotosoft/DataQuizParser/Data/Pertanyaan.xlsx
2015-12-25 13:19:30,449 INFO  [Settings] Settings loaded successfully.
2015-12-25 13:19:30,450 INFO  [App] Initialising Web client and authenticating...
2015-12-25 13:19:30,678 INFO  [GoogleOAuth] Preparing to authenticate via OAuth...
2015-12-25 13:19:30,679 INFO  [GoogleOAuth] Getting access token for refresh token..
2015-12-25 13:19:31,337 INFO  [GoogleOAuth] Building PicasaWeb Client...
2015-12-25 13:19:31,605 INFO  [App] Connection established.
2015-12-25 13:19:32,871 INFO  [App] Get topic 'Art & Design'
2015-12-25 13:19:34,169 INFO  [App] there is no topic image at 'Art & Design'. Wait for uploading...
2015-12-25 13:19:34,180 ERROR [App] File is not found at '/Users/denis/Documents/Dotosoft/DataQuizParser/Data/Art & Design/topic.png'. Please put the file and start this app again
2015-12-25 13:22:03,033 INFO  [App] Starting and setup Doto Parser...
2015-12-25 13:22:03,559 INFO  [Settings] Application Type : BATCH_UPLOAD
2015-12-25 13:22:03,559 INFO  [Settings] Sync Data File : /Users/denis/Documents/Dotosoft/DataQuizParser/Data/Pertanyaan.xlsx
2015-12-25 13:22:03,559 INFO  [Settings] Settings loaded successfully.
2015-12-25 13:22:03,559 INFO  [App] Initialising Web client and authenticating...
2015-12-25 13:22:03,833 INFO  [GoogleOAuth] Preparing to authenticate via OAuth...
2015-12-25 13:22:03,834 INFO  [GoogleOAuth] Getting access token for refresh token..
2015-12-25 13:22:05,143 INFO  [GoogleOAuth] Building PicasaWeb Client...
2015-12-25 13:22:05,492 INFO  [App] Connection established.
2015-12-25 13:22:07,135 INFO  [App] Get topic 'Art & Design'
2015-12-25 13:22:08,587 INFO  [App] there is no topic image at 'Art & Design'. Wait for uploading...
2015-12-25 13:22:08,633 ERROR [App] File is not found at '/Users/denis/Documents/Dotosoft/DataQuizParser/Data/Art & Design/topic.png'. Please put the file and start this app again.
2015-12-25 13:22:47,251 INFO  [App] Starting and setup Doto Parser...
2015-12-25 13:22:47,714 INFO  [Settings] Application Type : BATCH_UPLOAD
2015-12-25 13:22:47,715 INFO  [Settings] Sync Data File : /Users/denis/Documents/Dotosoft/DataQuizParser/Data/Pertanyaan.xlsx
2015-12-25 13:22:47,715 INFO  [Settings] Settings loaded successfully.
2015-12-25 13:22:47,715 INFO  [App] Initialising Web client and authenticating...
2015-12-25 13:22:47,985 INFO  [GoogleOAuth] Preparing to authenticate via OAuth...
2015-12-25 13:22:47,986 INFO  [GoogleOAuth] Getting access token for refresh token..
2015-12-25 13:22:48,689 INFO  [GoogleOAuth] Building PicasaWeb Client...
2015-12-25 13:22:48,960 INFO  [App] Connection established.
2015-12-25 13:22:50,458 INFO  [App] Get topic 'Art & Design'
2015-12-25 13:22:51,801 INFO  [App] there is no topic image at 'Art & Design'. Wait for uploading...
2015-12-25 13:22:51,859 INFO  [PicasawebClient] Uploading new image to album Art & Design: /Users/denis/Documents/Dotosoft/DataQuizParser/Data/Art & Design/topic.png
2015-12-25 13:22:54,361 INFO  [PicasawebClient] Setting local file time to 2015-12-25T06:22:53.262Z for topic.png
2015-12-25 13:22:54,361 INFO  [App] Get topic 'Art & Design'
2015-12-25 14:36:16,735 INFO  [App] Starting and setup Doto Parser...
2015-12-25 14:38:03,831 INFO  [App] Starting and setup Doto Parser...
2015-12-25 14:38:04,398 INFO  [Settings] Application Type : BATCH_UPLOAD
2015-12-25 14:38:04,399 INFO  [Settings] Sync Data File : /Users/denis/Documents/Dotosoft/DataQuizParser/Data/Pertanyaan.xlsx
2015-12-25 14:38:04,399 INFO  [Settings] Settings loaded successfully.
2015-12-25 14:38:04,399 ERROR [App] Error: Could not run DataQuizParser.
2015-12-25 14:39:32,958 INFO  [App] Starting and setup Doto Parser...
2015-12-25 14:48:39,733 INFO  [App] Starting and setup Doto Parser...
2015-12-25 14:49:03,888 INFO  [App] Starting and setup Doto Parser...
2015-12-25 14:49:04,625 INFO  [Settings] Settings saved successfully.
2015-12-25 14:49:04,626 INFO  [Settings] Application Type : ALL
2015-12-25 14:49:04,626 INFO  [Settings] Sync Data File : /Users/denis/Documents/Dotosoft/DataQuizParser/Data/Pertanyaan.xlsx
2015-12-25 14:49:04,664 INFO  [Settings] Settings loaded successfully.
2015-12-25 14:49:04,664 INFO  [App] Initialising Web client and authenticating...
2015-12-25 14:49:05,411 INFO  [GoogleOAuth] Preparing to authenticate via OAuth...
2015-12-25 14:49:05,412 INFO  [GoogleOAuth] Getting access token for refresh token..
2015-12-25 14:49:08,044 INFO  [GoogleOAuth] Building PicasaWeb Client...
2015-12-25 14:49:08,558 INFO  [App] Connection established.
2015-12-25 14:49:11,031 INFO  [App] Get topic 'Art & Design'
2015-12-25 14:49:13,313 INFO  [App] Get topic 'Business'
2015-12-25 14:49:13,314 INFO  [PicasawebClient] Adding new album: Business
2015-12-25 14:49:13,968 INFO  [App] Get topic 'Business'
2015-12-25 14:49:14,787 INFO  [App] there is no topic image at 'Business'. Wait for uploading...
2015-12-25 14:49:14,868 ERROR [App] File is not found at '/Users/denis/Documents/Dotosoft/DataQuizParser/Data/Business/topic.png'. Please put the file and start this app again.
2015-12-26 16:04:06,283 INFO  [App] Starting and setup Doto Parser...
2015-12-26 16:04:08,267 INFO  [Settings] Settings saved successfully.
2015-12-26 16:04:08,267 INFO  [Settings] Application Type : ALL
2015-12-26 16:04:08,268 INFO  [Settings] Sync Data File : /Users/denis/Documents/Dotosoft/DataQuizParser/Data/Pertanyaan.xlsx
2015-12-26 16:04:08,342 INFO  [Settings] Settings loaded successfully.
2015-12-26 16:04:08,342 INFO  [App] Initialising Web client and authenticating...
2015-12-26 16:04:09,059 INFO  [GoogleOAuth] Preparing to authenticate via OAuth...
2015-12-26 16:04:09,060 INFO  [GoogleOAuth] Getting access token for refresh token..
2015-12-26 16:04:11,267 INFO  [GoogleOAuth] Building PicasaWeb Client...
2015-12-26 16:04:11,734 INFO  [App] Connection established.
2015-12-26 16:04:14,264 INFO  [App] Upload Topics 'Art & Design'
2015-12-26 16:04:14,289 INFO  [PicasawebClient] Adding new album: Art & Design
2015-12-26 16:04:16,281 INFO  [App] Load all data from picasa
2015-12-26 16:04:18,962 INFO  [App] Upload Topics 'Art & Design'
2015-12-26 16:04:18,962 INFO  [App] Upload Topics 'Business'
2015-12-26 16:04:18,963 INFO  [App] there is no topic image at 'Business'. Wait for uploading...
2015-12-26 16:04:19,124 INFO  [PicasawebClient] Uploading new image to album Business: /Users/denis/Documents/Dotosoft/DataQuizParser/Data/Business/topic.png
2015-12-26 16:04:27,250 INFO  [PicasawebClient] Setting local file time to 2015-12-26T09:04:26.044Z for topic.png
2015-12-26 16:04:27,251 INFO  [App] Load all data from picasa
2015-12-26 16:04:29,713 INFO  [App] Upload Topics 'Business'
2015-12-26 16:04:29,714 INFO  [App] Upload Topics 'Test Parent'
2015-12-26 16:04:29,714 INFO  [PicasawebClient] Adding new album: Test Parent
2015-12-26 16:04:30,425 INFO  [App] Load all data from picasa
2015-12-26 16:04:33,191 INFO  [App] Upload Topics 'Test Parent'
2015-12-26 16:04:33,191 INFO  [App] there is no topic image at 'Test Parent'. Wait for uploading...
2015-12-26 16:04:33,237 INFO  [PicasawebClient] Uploading new image to album Test Parent: /Users/denis/Documents/Dotosoft/DataQuizParser/Data/Test Parent/topic.png
2015-12-26 16:04:38,206 INFO  [PicasawebClient] Setting local file time to 2015-12-26T09:04:36.959Z for topic.png
2015-12-26 16:04:38,207 INFO  [App] Load all data from picasa
2015-12-26 16:04:50,190 INFO  [App] Upload Topics 'Test Parent'
2015-12-26 16:04:50,191 INFO  [App] Upload QuestionAnswers 'pertanyaan 1?'
2015-12-26 16:04:50,205 ERROR [App] Topic is not found!
2015-12-26 16:13:51,631 INFO  [App] Starting and setup Doto Parser...
2015-12-26 16:13:52,658 INFO  [Settings] Settings saved successfully.
2015-12-26 16:13:52,658 INFO  [Settings] Application Type : ALL
2015-12-26 16:13:52,659 INFO  [Settings] Sync Data File : /Users/denis/Documents/Dotosoft/DataQuizParser/Data/Pertanyaan.xlsx
2015-12-26 16:13:52,661 INFO  [Settings] Settings loaded successfully.
2015-12-26 16:13:52,662 INFO  [App] Initialising Web client and authenticating...
2015-12-26 16:13:52,902 INFO  [GoogleOAuth] Preparing to authenticate via OAuth...
2015-12-26 16:13:52,903 INFO  [GoogleOAuth] Getting access token for refresh token..
2015-12-26 16:13:54,367 INFO  [GoogleOAuth] Building PicasaWeb Client...
2015-12-26 16:13:54,688 INFO  [App] Connection established.
2015-12-26 16:13:56,301 INFO  [App] Upload Topics 'Art & Design'
2015-12-26 16:13:56,314 INFO  [PicasawebClient] Adding new album: Art & Design
2015-12-26 16:13:57,466 INFO  [App] Load all data from picasa
2015-12-26 16:14:00,681 INFO  [App] Upload Topics 'Art & Design'
2015-12-26 16:14:00,681 INFO  [App] Upload Topics 'Business'
2015-12-26 16:14:00,681 INFO  [App] Upload Topics 'Test Parent'
2015-12-26 16:14:00,682 INFO  [App] Upload QuestionAnswers 'pertanyaan 1?'
2015-12-26 16:15:37,988 INFO  [App] Starting and setup Doto Parser...
2015-12-26 16:15:38,393 INFO  [Settings] Settings saved successfully.
2015-12-26 16:15:38,394 INFO  [Settings] Application Type : ALL
2015-12-26 16:15:38,394 INFO  [Settings] Sync Data File : /Users/denis/Documents/Dotosoft/DataQuizParser/Data/Pertanyaan.xlsx
2015-12-26 16:15:38,396 INFO  [Settings] Settings loaded successfully.
2015-12-26 16:15:38,396 INFO  [App] Initialising Web client and authenticating...
2015-12-26 16:15:38,621 INFO  [GoogleOAuth] Preparing to authenticate via OAuth...
2015-12-26 16:15:38,622 INFO  [GoogleOAuth] Getting access token for refresh token..
2015-12-26 16:15:39,532 INFO  [GoogleOAuth] Building PicasaWeb Client...
2015-12-26 16:15:39,777 INFO  [App] Connection established.
2015-12-26 16:15:41,212 INFO  [App] Upload Topics 'Art & Design'
2015-12-26 16:15:41,214 INFO  [PicasawebClient] Adding new album: Art & Design
2015-12-26 16:15:42,549 INFO  [App] Load all data from picasa
2015-12-26 16:15:46,260 INFO  [App] Upload Topics 'Art & Design'
2015-12-26 16:15:46,261 INFO  [App] Upload Topics 'Business'
2015-12-26 16:15:46,261 INFO  [App] Upload Topics 'Test Parent'
2015-12-26 16:15:46,263 INFO  [App] Upload QuestionAnswers 'pertanyaan 1?'
2015-12-26 16:15:46,392 INFO  [PicasawebClient] Uploading new image to album Art & Design: /Users/denis/Documents/Dotosoft/DataQuizParser/Data/Art & Design/image1.png
2015-12-26 16:15:52,812 INFO  [PicasawebClient] Setting local file time to 2015-12-26T09:15:51.577Z for image1.png
2015-12-26 16:15:52,813 INFO  [App] Load all data from picasa
2015-12-26 16:15:56,395 INFO  [App] Upload QuestionAnswers 'pertanyaan 1?'
2015-12-26 16:15:56,395 INFO  [App] Upload QuestionAnswers 'pertanyaan 2?'
2015-12-26 16:15:56,413 INFO  [PicasawebClient] Uploading new image to album Business: /Users/denis/Documents/Dotosoft/DataQuizParser/Data/Business/image2.png
2015-12-26 16:16:00,695 INFO  [PicasawebClient] Setting local file time to 2015-12-26T09:15:59.616Z for image2.png
2015-12-26 16:16:00,695 INFO  [App] Load all data from picasa
2015-12-26 16:16:04,894 INFO  [App] Upload QuestionAnswers 'pertanyaan 2?'
2015-12-26 16:16:04,895 INFO  [App] Upload QuestionAnswers 'pertanyaan 3?'
2015-12-26 16:16:04,940 INFO  [PicasawebClient] Uploading new image to album Art & Design: /Users/denis/Documents/Dotosoft/DataQuizParser/Data/Art & Design/image3.png
2015-12-26 16:16:10,012 INFO  [PicasawebClient] Setting local file time to 2015-12-26T09:16:09.041Z for image3.png
2015-12-26 16:16:10,012 INFO  [App] Load all data from picasa
2015-12-26 16:16:13,599 INFO  [App] Upload QuestionAnswers 'pertanyaan 3?'
2015-12-26 16:16:13,599 INFO  [App] Upload QuestionAnswers 'pertanyaan 4?'
2015-12-26 16:16:13,644 INFO  [PicasawebClient] Uploading new image to album Test Parent: /Users/denis/Documents/Dotosoft/DataQuizParser/Data/Test Parent/image4.png
2015-12-26 16:16:18,102 INFO  [PicasawebClient] Setting local file time to 2015-12-26T09:16:17.093Z for image4.png
2015-12-26 16:16:18,102 INFO  [App] Load all data from picasa
2015-12-26 16:16:21,789 INFO  [App] Upload QuestionAnswers 'pertanyaan 4?'
2015-12-26 16:16:21,789 INFO  [App] Upload QuestionAnswers 'pertanyaan 5?'
2015-12-26 16:16:21,831 INFO  [PicasawebClient] Uploading new image to album Business: /Users/denis/Documents/Dotosoft/DataQuizParser/Data/Business/image5.png
2015-12-26 16:16:26,192 INFO  [PicasawebClient] Setting local file time to 2015-12-26T09:16:25.121Z for image5.png
2015-12-26 16:16:26,193 INFO  [App] Load all data from picasa
2015-12-26 16:16:29,673 INFO  [App] Upload QuestionAnswers 'pertanyaan 5?'
2015-12-26 16:19:26,360 INFO  [App] Starting and setup Doto Parser...
2015-12-26 16:19:28,626 INFO  [Settings] Settings saved successfully.
2015-12-26 16:19:28,627 INFO  [Settings] Application Type : ALL
2015-12-26 16:19:28,627 INFO  [Settings] Sync Data File : /Users/denis/Documents/Dotosoft/DataQuizParser/Data/Pertanyaan.xlsx
2015-12-26 16:19:28,681 INFO  [Settings] Settings loaded successfully.
2015-12-26 16:19:28,682 INFO  [App] Initialising Web client and authenticating...
2015-12-26 16:19:29,794 INFO  [GoogleOAuth] Preparing to authenticate via OAuth...
2015-12-26 16:19:29,795 INFO  [GoogleOAuth] Getting access token for refresh token..
2015-12-26 16:19:31,769 INFO  [GoogleOAuth] Building PicasaWeb Client...
2015-12-26 16:19:32,400 INFO  [App] Connection established.
2015-12-26 16:19:34,667 INFO  [App] Load all data from picasa
2015-12-26 16:19:41,169 INFO  [App] Upload Topics 'Art & Design'
2015-12-26 16:20:02,437 INFO  [PicasawebClient] Adding new album: Art & Design
2015-12-26 16:20:08,005 INFO  [App] Load all data from picasa
2015-12-26 16:20:13,381 INFO  [App] Upload Topics 'Art & Design'
2015-12-26 16:20:13,418 INFO  [App] there is no topic image at 'Art & Design'. Wait for uploading...
2015-12-26 16:20:13,561 INFO  [PicasawebClient] Uploading new image to album Art & Design: /Users/denis/Documents/Dotosoft/DataQuizParser/Data/Art & Design/topic.png
2015-12-26 16:20:17,834 INFO  [PicasawebClient] Setting local file time to 2015-12-26T09:20:16.779Z for topic.png
2015-12-26 16:20:17,834 INFO  [App] Load all data from picasa
2015-12-26 16:20:18,747 INFO  [App] Upload Topics 'Art & Design'
2015-12-26 16:20:18,748 INFO  [App] Upload Topics 'Business'
2015-12-26 16:20:18,748 INFO  [PicasawebClient] Adding new album: Business
2015-12-26 16:20:19,462 INFO  [App] Load all data from picasa
2015-12-26 16:20:20,636 INFO  [App] Upload Topics 'Business'
2015-12-26 16:20:20,636 INFO  [App] there is no topic image at 'Business'. Wait for uploading...
2015-12-26 16:20:20,688 INFO  [PicasawebClient] Uploading new image to album Business: /Users/denis/Documents/Dotosoft/DataQuizParser/Data/Business/topic.png
2015-12-26 16:20:25,301 INFO  [PicasawebClient] Setting local file time to 2015-12-26T09:20:24.242Z for topic.png
2015-12-26 16:20:25,319 INFO  [App] Load all data from picasa
2015-12-26 16:20:26,528 INFO  [App] Upload Topics 'Business'
2015-12-26 16:20:26,528 INFO  [App] Upload Topics 'Test Parent'
2015-12-26 16:20:26,528 INFO  [PicasawebClient] Adding new album: Test Parent
2015-12-26 16:20:27,137 INFO  [App] Load all data from picasa
2015-12-26 16:20:28,805 INFO  [App] Upload Topics 'Test Parent'
2015-12-26 16:20:28,805 INFO  [App] there is no topic image at 'Test Parent'. Wait for uploading...
2015-12-26 16:20:28,850 INFO  [PicasawebClient] Uploading new image to album Test Parent: /Users/denis/Documents/Dotosoft/DataQuizParser/Data/Test Parent/topic.png
2015-12-26 16:20:33,078 INFO  [PicasawebClient] Setting local file time to 2015-12-26T09:20:31.836Z for topic.png
2015-12-26 16:20:33,078 INFO  [App] Load all data from picasa
2015-12-26 16:20:34,821 INFO  [App] Upload Topics 'Test Parent'
2015-12-26 16:20:34,821 INFO  [App] Upload QuestionAnswers 'pertanyaan 1?'
2015-12-26 16:20:34,874 INFO  [PicasawebClient] Uploading new image to album Art & Design: /Users/denis/Documents/Dotosoft/DataQuizParser/Data/Art & Design/image1.png
2015-12-26 16:20:39,269 INFO  [PicasawebClient] Setting local file time to 2015-12-26T09:20:38.127Z for image1.png
2015-12-26 16:20:39,269 INFO  [App] Load all data from picasa
2015-12-26 16:20:40,859 INFO  [App] Upload QuestionAnswers 'pertanyaan 1?'
2015-12-26 16:20:40,860 INFO  [App] Upload QuestionAnswers 'pertanyaan 2?'
2015-12-26 16:20:40,892 INFO  [PicasawebClient] Uploading new image to album Business: /Users/denis/Documents/Dotosoft/DataQuizParser/Data/Business/image2.png
2015-12-26 16:20:45,117 INFO  [PicasawebClient] Setting local file time to 2015-12-26T09:20:43.774Z for image2.png
2015-12-26 16:20:45,129 INFO  [App] Load all data from picasa
2015-12-26 16:20:46,779 INFO  [App] Upload QuestionAnswers 'pertanyaan 2?'
2015-12-26 16:20:46,780 INFO  [App] Upload QuestionAnswers 'pertanyaan 3?'
2015-12-26 16:20:46,851 INFO  [PicasawebClient] Uploading new image to album Art & Design: /Users/denis/Documents/Dotosoft/DataQuizParser/Data/Art & Design/image3.png
2015-12-26 16:20:51,430 INFO  [PicasawebClient] Setting local file time to 2015-12-26T09:20:50.166Z for image3.png
2015-12-26 16:20:51,432 INFO  [App] Load all data from picasa
2015-12-26 16:20:53,044 INFO  [App] Upload QuestionAnswers 'pertanyaan 3?'
2015-12-26 16:20:53,045 INFO  [App] Upload QuestionAnswers 'pertanyaan 4?'
2015-12-26 16:20:53,063 INFO  [PicasawebClient] Uploading new image to album Test Parent: /Users/denis/Documents/Dotosoft/DataQuizParser/Data/Test Parent/image4.png
2015-12-26 16:20:56,529 INFO  [PicasawebClient] Setting local file time to 2015-12-26T09:20:55.585Z for image4.png
2015-12-26 16:20:56,529 INFO  [App] Load all data from picasa
2015-12-26 16:20:59,395 INFO  [App] Upload QuestionAnswers 'pertanyaan 4?'
2015-12-26 16:20:59,395 INFO  [App] Upload QuestionAnswers 'pertanyaan 5?'
2015-12-26 16:20:59,433 INFO  [PicasawebClient] Uploading new image to album Business: /Users/denis/Documents/Dotosoft/DataQuizParser/Data/Business/image5.png
2015-12-26 16:21:03,373 INFO  [PicasawebClient] Setting local file time to 2015-12-26T09:21:02.255Z for image5.png
2015-12-26 16:21:03,388 INFO  [App] Load all data from picasa
2015-12-26 16:21:04,927 INFO  [App] Upload QuestionAnswers 'pertanyaan 5?'
2015-12-26 16:21:44,450 INFO  [App] Starting and setup Doto Parser...
2015-12-26 16:21:45,615 INFO  [Settings] Settings saved successfully.
2015-12-26 16:21:45,615 INFO  [Settings] Application Type : ALL
2015-12-26 16:21:45,615 INFO  [Settings] Sync Data File : /Users/denis/Documents/Dotosoft/DataQuizParser/Data/Pertanyaan.xlsx
2015-12-26 16:21:45,618 INFO  [Settings] Settings loaded successfully.
2015-12-26 16:21:45,619 INFO  [App] Initialising Web client and authenticating...
2015-12-26 16:21:45,860 INFO  [GoogleOAuth] Preparing to authenticate via OAuth...
2015-12-26 16:21:45,861 INFO  [GoogleOAuth] Getting access token for refresh token..
2015-12-26 16:21:46,934 INFO  [GoogleOAuth] Building PicasaWeb Client...
2015-12-26 16:21:47,287 INFO  [App] Connection established.
2015-12-26 16:21:48,728 INFO  [App] Load all data from picasa
2015-12-26 16:21:50,913 INFO  [App] Upload Topics 'Art & Design'
2015-12-26 16:21:50,913 INFO  [App] Upload Topics 'Business'
2015-12-26 16:21:50,914 INFO  [App] Upload Topics 'Test Parent'
2015-12-26 16:21:50,914 INFO  [App] Upload QuestionAnswers 'pertanyaan 1?'
2015-12-26 16:21:50,986 INFO  [App] Upload QuestionAnswers 'pertanyaan 2?'
2015-12-26 16:21:50,988 INFO  [App] Upload QuestionAnswers 'pertanyaan 3?'
2015-12-26 16:21:50,988 INFO  [App] Upload QuestionAnswers 'pertanyaan 4?'
2015-12-26 16:21:50,988 INFO  [App] Upload QuestionAnswers 'pertanyaan 5?'
2015-12-26 16:23:35,756 INFO  [App] Starting and setup Doto Parser...
2015-12-26 16:23:37,012 INFO  [Settings] Settings saved successfully.
2015-12-26 16:23:37,013 INFO  [Settings] Application Type : ALL
2015-12-26 16:23:37,013 INFO  [Settings] Sync Data File : /Users/denis/Documents/Dotosoft/DataQuizParser/Data/Pertanyaan.xlsx
2015-12-26 16:23:37,030 INFO  [Settings] Settings loaded successfully.
2015-12-26 16:23:37,031 INFO  [App] Initialising Web client and authenticating...
2015-12-26 16:23:37,786 INFO  [GoogleOAuth] Preparing to authenticate via OAuth...
2015-12-26 16:23:37,787 INFO  [GoogleOAuth] Getting access token for refresh token..
2015-12-26 16:23:39,529 INFO  [GoogleOAuth] Building PicasaWeb Client...
2015-12-26 16:23:40,138 INFO  [App] Connection established.
2015-12-26 16:23:42,422 INFO  [App] Load all data from picasa
2015-12-26 16:24:33,514 INFO  [App] Upload Topics 'Art & Design'
2015-12-26 16:24:33,553 INFO  [App] Upload Topics 'Business'
2015-12-26 16:24:33,554 INFO  [App] Upload Topics 'Test Parent'
2015-12-26 16:24:33,554 INFO  [App] Upload QuestionAnswers 'pertanyaan 1?'
2015-12-26 16:24:33,664 INFO  [App] Upload QuestionAnswers 'pertanyaan 2?'
2015-12-26 16:24:33,666 INFO  [App] Upload QuestionAnswers 'pertanyaan 3?'
2015-12-26 16:24:33,667 INFO  [App] Upload QuestionAnswers 'pertanyaan 4?'
2015-12-26 16:24:33,667 INFO  [App] Upload QuestionAnswers 'pertanyaan 5?'
2015-12-26 16:25:38,961 INFO  [App] Starting and setup Doto Parser...
2015-12-26 16:25:39,598 INFO  [Settings] Settings saved successfully.
2015-12-26 16:25:39,598 INFO  [Settings] Application Type : ALL
2015-12-26 16:25:39,598 INFO  [Settings] Sync Data File : /Users/denis/Documents/Dotosoft/DataQuizParser/Data/Pertanyaan.xlsx
2015-12-26 16:25:39,601 INFO  [Settings] Settings loaded successfully.
2015-12-26 16:25:39,601 INFO  [App] Initialising Web client and authenticating...
2015-12-26 16:25:39,819 INFO  [GoogleOAuth] Preparing to authenticate via OAuth...
2015-12-26 16:25:39,820 INFO  [GoogleOAuth] Getting access token for refresh token..
2015-12-26 16:25:41,034 INFO  [GoogleOAuth] Building PicasaWeb Client...
2015-12-26 16:25:41,303 INFO  [App] Connection established.
2015-12-26 16:25:42,547 INFO  [App] Load all data from picasa
2015-12-26 16:25:44,791 INFO  [App] Upload Topics 'Art & Design'
2015-12-26 16:25:44,792 INFO  [App] Upload Topics 'Business'
2015-12-26 16:25:44,792 INFO  [App] Upload Topics 'Test Parent'
2015-12-26 16:25:44,793 INFO  [App] Upload QuestionAnswers 'pertanyaan 1?'
2015-12-26 16:25:44,867 INFO  [App] Upload QuestionAnswers 'pertanyaan 2?'
2015-12-26 16:25:44,868 INFO  [App] Upload QuestionAnswers 'pertanyaan 3?'
2015-12-26 16:25:44,869 INFO  [App] Upload QuestionAnswers 'pertanyaan 4?'
2015-12-26 16:25:44,869 INFO  [App] Upload QuestionAnswers 'pertanyaan 5?'
2015-12-26 16:27:15,165 INFO  [App] Starting and setup Doto Parser...
2015-12-26 16:27:15,538 INFO  [Settings] Settings saved successfully.
2015-12-26 16:27:15,539 INFO  [Settings] Application Type : ALL
2015-12-26 16:27:15,539 INFO  [Settings] Sync Data File : /Users/denis/Documents/Dotosoft/DataQuizParser/Data/Pertanyaan.xlsx
2015-12-26 16:27:15,544 INFO  [Settings] Settings loaded successfully.
2015-12-26 16:27:15,544 INFO  [App] Initialising Web client and authenticating...
2015-12-26 16:27:15,773 INFO  [GoogleOAuth] Preparing to authenticate via OAuth...
2015-12-26 16:27:15,774 INFO  [GoogleOAuth] Getting access token for refresh token..
2015-12-26 16:27:16,512 INFO  [GoogleOAuth] Building PicasaWeb Client...
2015-12-26 16:27:16,814 INFO  [App] Connection established.
2015-12-26 16:27:18,108 INFO  [App] Load all data from picasa
2015-12-26 16:27:20,426 INFO  [App] Upload Topics 'Art & Design'
2015-12-26 16:27:20,426 INFO  [App] Upload Topics 'Business'
2015-12-26 16:27:20,426 INFO  [App] Upload Topics 'Test Parent'
2015-12-26 16:27:20,427 INFO  [App] Upload QuestionAnswers 'pertanyaan 1?'
2015-12-26 16:27:20,485 INFO  [App] Upload QuestionAnswers 'pertanyaan 2?'
2015-12-26 16:27:20,487 INFO  [App] Upload QuestionAnswers 'pertanyaan 3?'
2015-12-26 16:27:20,488 INFO  [App] Upload QuestionAnswers 'pertanyaan 4?'
2015-12-26 16:27:20,488 INFO  [App] Upload QuestionAnswers 'pertanyaan 5?'
2015-12-26 17:17:48,786 INFO  [App] Starting and setup Doto Parser...
2015-12-26 17:17:50,826 INFO  [Settings] Settings saved successfully.
2015-12-26 17:17:50,826 INFO  [Settings] Application Type : ALL
2015-12-26 17:17:50,826 INFO  [Settings] Sync Data File : /Users/denis/Documents/Dotosoft/DataQuizParser/Data/Pertanyaan.xlsx
2015-12-26 17:17:50,839 INFO  [Settings] Settings loaded successfully.
2015-12-26 17:17:50,839 INFO  [App] Initialising Web client and authenticating...
2015-12-26 17:17:51,537 INFO  [GoogleOAuth] Preparing to authenticate via OAuth...
2015-12-26 17:17:51,538 INFO  [GoogleOAuth] Getting access token for refresh token..
2015-12-26 17:17:53,884 INFO  [GoogleOAuth] Building PicasaWeb Client...
2015-12-26 17:17:54,760 INFO  [App] Connection established.
2015-12-26 17:17:56,948 INFO  [App] Load all data from picasa
2015-12-26 17:17:59,967 INFO  [App] Upload Topics 'Art & Design'
2015-12-26 17:17:59,967 INFO  [App] Upload Topics 'Business'
2015-12-26 17:17:59,968 INFO  [App] Upload Topics 'Test Parent'
2015-12-26 17:17:59,968 INFO  [App] Upload QuestionAnswers 'pertanyaan 1?'
2015-12-26 17:18:00,010 INFO  [App] Upload QuestionAnswers 'pertanyaan 2?'
2015-12-26 17:18:00,017 INFO  [App] Upload QuestionAnswers 'pertanyaan 3?'
2015-12-26 17:18:00,017 INFO  [App] Upload QuestionAnswers 'pertanyaan 4?'
2015-12-26 17:18:00,018 INFO  [App] Upload QuestionAnswers 'pertanyaan 5?'
2015-12-26 20:19:38,939 INFO  [App] Starting and setup Doto Parser...
2015-12-26 20:19:40,038 INFO  [Settings] Settings saved successfully.
2015-12-26 20:19:40,038 INFO  [Settings] Application Type : ALL
2015-12-26 20:19:40,038 INFO  [Settings] Sync Data File : /Users/denis/Documents/Dotosoft/DataQuizParser/Data/Pertanyaan.xlsx
2015-12-26 20:19:40,057 INFO  [Settings] Settings loaded successfully.
2015-12-26 20:19:40,057 INFO  [App] Initialising Web client and authenticating...
2015-12-26 20:19:40,757 INFO  [GoogleOAuth] Preparing to authenticate via OAuth...
2015-12-26 20:19:40,758 INFO  [GoogleOAuth] Getting access token for refresh token..
2015-12-26 20:19:43,078 INFO  [GoogleOAuth] Building PicasaWeb Client...
2015-12-26 20:19:43,441 INFO  [App] Connection established.
2015-12-26 20:19:45,444 INFO  [App] Load all data from picasa
2015-12-26 20:19:47,281 INFO  [App] Upload Topics 'Art & Design'
2015-12-26 20:19:47,282 INFO  [PicasawebClient] Adding new album: Art & Design
2015-12-26 20:19:48,183 INFO  [App] Upload Topics 'Business'
2015-12-26 20:19:48,183 INFO  [PicasawebClient] Adding new album: Business
2015-12-26 20:19:48,764 INFO  [App] Upload Topics 'Test Parent'
2015-12-26 20:19:48,766 INFO  [PicasawebClient] Adding new album: Test Parent
2015-12-26 20:19:49,508 INFO  [App] Upload QuestionAnswers 'pertanyaan 1?'
2015-12-26 20:19:49,509 ERROR [App] Topic is not found!
2015-12-26 20:22:51,822 INFO  [App] Starting and setup Doto Parser...
2015-12-26 20:22:52,704 INFO  [Settings] Settings saved successfully.
2015-12-26 20:22:52,704 INFO  [Settings] Application Type : ALL
2015-12-26 20:22:52,704 INFO  [Settings] Sync Data File : /Users/denis/Documents/Dotosoft/DataQuizParser/Data/Pertanyaan.xlsx
2015-12-26 20:22:52,709 INFO  [Settings] Settings loaded successfully.
2015-12-26 20:22:52,709 INFO  [App] Initialising Web client and authenticating...
2015-12-26 20:22:52,906 INFO  [GoogleOAuth] Preparing to authenticate via OAuth...
2015-12-26 20:22:52,907 INFO  [GoogleOAuth] Getting access token for refresh token..
2015-12-26 20:22:54,135 INFO  [GoogleOAuth] Building PicasaWeb Client...
2015-12-26 20:22:54,445 INFO  [App] Connection established.
2015-12-26 20:22:55,767 INFO  [App] Load all data from picasa
2015-12-26 20:22:57,820 INFO  [App] Upload Topics 'Art & Design'
2015-12-26 20:22:57,821 INFO  [App] there is no topic image at 'Art & Design'. Wait for uploading...
2015-12-26 20:22:57,925 INFO  [PicasawebClient] Uploading new image to album Art & Design: /Users/denis/Documents/Dotosoft/DataQuizParser/Data/Art & Design/topic.png
2015-12-26 20:23:02,637 INFO  [PicasawebClient] Setting local file time to 2015-12-26T13:23:01.456Z for topic.png
2015-12-26 20:23:02,637 INFO  [App] Upload Topics 'Business'
2015-12-26 20:23:02,639 INFO  [App] there is no topic image at 'Business'. Wait for uploading...
2015-12-26 20:23:02,685 INFO  [PicasawebClient] Uploading new image to album Business: /Users/denis/Documents/Dotosoft/DataQuizParser/Data/Business/topic.png
2015-12-26 20:23:07,649 INFO  [PicasawebClient] Setting local file time to 2015-12-26T13:23:06.544Z for topic.png
2015-12-26 20:23:07,650 INFO  [App] Upload Topics 'Test Parent'
2015-12-26 20:23:07,650 INFO  [App] there is no topic image at 'Test Parent'. Wait for uploading...
2015-12-26 20:23:07,697 INFO  [PicasawebClient] Uploading new image to album Test Parent: /Users/denis/Documents/Dotosoft/DataQuizParser/Data/Test Parent/topic.png
2015-12-26 20:23:11,541 INFO  [PicasawebClient] Setting local file time to 2015-12-26T13:23:10.641Z for topic.png
2015-12-26 20:23:11,542 INFO  [App] Upload QuestionAnswers 'pertanyaan 1?'
2015-12-26 20:23:11,589 INFO  [PicasawebClient] Uploading new image to album Art & Design: /Users/denis/Documents/Dotosoft/DataQuizParser/Data/Art & Design/image1.png
2015-12-26 20:23:14,716 INFO  [PicasawebClient] Setting local file time to 2015-12-26T13:23:13.751Z for image1.png
2015-12-26 20:23:14,716 INFO  [App] Upload QuestionAnswers 'pertanyaan 2?'
2015-12-26 20:23:14,762 INFO  [PicasawebClient] Uploading new image to album Business: /Users/denis/Documents/Dotosoft/DataQuizParser/Data/Business/image2.png
2015-12-26 20:23:18,504 INFO  [PicasawebClient] Setting local file time to 2015-12-26T13:23:17.319Z for image2.png
2015-12-26 20:23:18,505 INFO  [App] Upload QuestionAnswers 'pertanyaan 3?'
2015-12-26 20:23:18,548 INFO  [PicasawebClient] Uploading new image to album Art & Design: /Users/denis/Documents/Dotosoft/DataQuizParser/Data/Art & Design/image3.png
2015-12-26 20:23:21,985 INFO  [PicasawebClient] Setting local file time to 2015-12-26T13:23:20.927Z for image3.png
2015-12-26 20:23:21,986 INFO  [App] Upload QuestionAnswers 'pertanyaan 4?'
2015-12-26 20:23:22,026 INFO  [PicasawebClient] Uploading new image to album Test Parent: /Users/denis/Documents/Dotosoft/DataQuizParser/Data/Test Parent/image4.png
2015-12-26 20:23:25,877 INFO  [PicasawebClient] Setting local file time to 2015-12-26T13:23:24.966Z for image4.png
2015-12-26 20:23:25,877 INFO  [App] Upload QuestionAnswers 'pertanyaan 5?'
2015-12-26 20:23:25,897 INFO  [PicasawebClient] Uploading new image to album Business: /Users/denis/Documents/Dotosoft/DataQuizParser/Data/Business/image5.png
2015-12-26 20:23:29,462 INFO  [PicasawebClient] Setting local file time to 2015-12-26T13:23:28.508Z for image5.png
2015-12-26 20:35:46,248 INFO  [App] Starting and setup Doto Parser...
2015-12-26 20:35:46,715 INFO  [Settings] Settings saved successfully.
2015-12-26 20:35:46,716 INFO  [Settings] Application Type : ALL
2015-12-26 20:35:46,716 INFO  [Settings] Sync Data File : /Users/denis/Documents/Dotosoft/DataQuizParser/Data/Pertanyaan.xlsx
2015-12-26 20:35:46,721 INFO  [Settings] Settings loaded successfully.
2015-12-26 20:35:46,721 INFO  [App] Initialising Web client and authenticating...
2015-12-26 20:35:47,007 INFO  [GoogleOAuth] Preparing to authenticate via OAuth...
2015-12-26 20:35:47,008 INFO  [GoogleOAuth] Getting access token for refresh token..
2015-12-26 20:35:48,182 INFO  [GoogleOAuth] Building PicasaWeb Client...
2015-12-26 20:35:48,435 INFO  [App] Connection established.
2015-12-26 20:35:49,791 INFO  [App] Load all data from picasa
2015-12-26 20:35:51,071 INFO  [App] Upload Topics 'Art & Design'
2015-12-26 20:35:51,072 INFO  [PicasawebClient] Adding new album: Art & Design
2015-12-26 20:35:51,843 INFO  [App] Upload Topics 'Business'
2015-12-26 20:35:51,843 INFO  [PicasawebClient] Adding new album: Business
2015-12-26 20:35:52,552 INFO  [App] Upload Topics 'Test Parent'
2015-12-26 20:35:52,554 INFO  [PicasawebClient] Adding new album: Test Parent
2015-12-26 20:35:53,167 INFO  [App] Upload QuestionAnswers 'pertanyaan 1?'
2015-12-26 20:35:53,168 ERROR [App] Topic '1' is not found!
2015-12-26 20:37:46,607 INFO  [App] Starting and setup Doto Parser...
2015-12-26 20:37:46,948 INFO  [Settings] Settings saved successfully.
2015-12-26 20:37:46,948 INFO  [Settings] Application Type : ALL
2015-12-26 20:37:46,948 INFO  [Settings] Sync Data File : /Users/denis/Documents/Dotosoft/DataQuizParser/Data/Pertanyaan.xlsx
2015-12-26 20:37:46,951 INFO  [Settings] Settings loaded successfully.
2015-12-26 20:37:46,951 INFO  [App] Initialising Web client and authenticating...
2015-12-26 20:37:47,214 INFO  [GoogleOAuth] Preparing to authenticate via OAuth...
2015-12-26 20:37:47,215 INFO  [GoogleOAuth] Getting access token for refresh token..
2015-12-26 20:37:48,350 INFO  [GoogleOAuth] Building PicasaWeb Client...
2015-12-26 20:37:48,628 INFO  [App] Connection established.
2015-12-26 20:37:50,150 INFO  [App] Load all data from picasa
2015-12-26 20:37:53,989 INFO  [App] Upload Topics 'Art & Design'
2015-12-26 20:38:47,867 INFO  [App] Starting and setup Doto Parser...
2015-12-26 20:38:48,274 INFO  [Settings] Settings saved successfully.
2015-12-26 20:38:48,274 INFO  [Settings] Application Type : ALL
2015-12-26 20:38:48,275 INFO  [Settings] Sync Data File : /Users/denis/Documents/Dotosoft/DataQuizParser/Data/Pertanyaan.xlsx
2015-12-26 20:38:48,279 INFO  [Settings] Settings loaded successfully.
2015-12-26 20:38:48,279 INFO  [App] Initialising Web client and authenticating...
2015-12-26 20:38:48,504 INFO  [GoogleOAuth] Preparing to authenticate via OAuth...
2015-12-26 20:38:48,505 INFO  [GoogleOAuth] Getting access token for refresh token..
2015-12-26 20:38:50,484 INFO  [GoogleOAuth] Building PicasaWeb Client...
2015-12-26 20:38:50,767 INFO  [App] Connection established.
2015-12-26 20:38:52,212 INFO  [App] Load all data from picasa
2015-12-26 20:39:01,231 INFO  [App] Upload Topics 'Art & Design'
2015-12-26 20:39:06,606 INFO  [PicasawebClient] Adding new album: Art & Design
2015-12-26 20:40:14,628 INFO  [App] Starting and setup Doto Parser...
2015-12-26 20:40:15,227 INFO  [Settings] Settings saved successfully.
2015-12-26 20:40:15,227 INFO  [Settings] Application Type : ALL
2015-12-26 20:40:15,227 INFO  [Settings] Sync Data File : /Users/denis/Documents/Dotosoft/DataQuizParser/Data/Pertanyaan.xlsx
2015-12-26 20:40:15,230 INFO  [Settings] Settings loaded successfully.
2015-12-26 20:40:15,230 INFO  [App] Initialising Web client and authenticating...
2015-12-26 20:40:15,455 INFO  [GoogleOAuth] Preparing to authenticate via OAuth...
2015-12-26 20:40:15,455 INFO  [GoogleOAuth] Getting access token for refresh token..
2015-12-26 20:40:16,560 INFO  [GoogleOAuth] Building PicasaWeb Client...
2015-12-26 20:40:16,861 INFO  [App] Connection established.
2015-12-26 20:40:18,387 INFO  [App] Load all data from picasa
2015-12-26 20:40:55,575 INFO  [App] Upload Topics 'Art & Design'
2015-12-26 20:41:02,054 INFO  [PicasawebClient] Adding new album: Art & Design
2015-12-26 20:41:20,810 INFO  [App] there is no topic image at 'Art & Design'. Wait for uploading...
2015-12-26 20:41:24,772 INFO  [PicasawebClient] Uploading new image to album Art & Design: /Users/denis/Documents/Dotosoft/DataQuizParser/Data/Art & Design/topic.png
2015-12-26 20:41:30,315 INFO  [PicasawebClient] Setting local file time to 2015-12-26T13:41:29.378Z for topic.png
2015-12-26 20:41:50,955 INFO  [App] Upload Topics 'Business'
2015-12-26 20:41:50,955 INFO  [PicasawebClient] Adding new album: Business
2015-12-26 20:41:53,720 INFO  [App] there is no topic image at 'Business'. Wait for uploading...
2015-12-26 20:41:53,800 INFO  [PicasawebClient] Uploading new image to album Business: /Users/denis/Documents/Dotosoft/DataQuizParser/Data/Business/topic.png
2015-12-26 20:41:57,407 INFO  [PicasawebClient] Setting local file time to 2015-12-26T13:41:56.513Z for topic.png
2015-12-26 20:41:57,408 INFO  [App] Upload Topics 'Test Parent'
2015-12-26 20:41:57,408 INFO  [PicasawebClient] Adding new album: Test Parent
2015-12-26 20:41:58,121 INFO  [App] there is no topic image at 'Test Parent'. Wait for uploading...
2015-12-26 20:41:58,167 INFO  [PicasawebClient] Uploading new image to album Test Parent: /Users/denis/Documents/Dotosoft/DataQuizParser/Data/Test Parent/topic.png
2015-12-26 20:42:01,521 INFO  [PicasawebClient] Setting local file time to 2015-12-26T13:42:00.615Z for topic.png
2015-12-26 20:42:01,521 INFO  [App] Upload QuestionAnswers 'pertanyaan 1?'
2015-12-26 20:42:01,574 INFO  [PicasawebClient] Uploading new image to album Art & Design: /Users/denis/Documents/Dotosoft/DataQuizParser/Data/Art & Design/image1.png
2015-12-26 20:42:04,677 INFO  [PicasawebClient] Setting local file time to 2015-12-26T13:42:03.723Z for image1.png
2015-12-26 20:42:04,677 INFO  [App] Upload QuestionAnswers 'pertanyaan 2?'
2015-12-26 20:42:04,724 INFO  [PicasawebClient] Uploading new image to album Business: /Users/denis/Documents/Dotosoft/DataQuizParser/Data/Business/image2.png
2015-12-26 20:42:08,259 INFO  [PicasawebClient] Setting local file time to 2015-12-26T13:42:07.353Z for image2.png
2015-12-26 20:42:08,260 INFO  [App] Upload QuestionAnswers 'pertanyaan 3?'
2015-12-26 20:42:08,309 INFO  [PicasawebClient] Uploading new image to album Art & Design: /Users/denis/Documents/Dotosoft/DataQuizParser/Data/Art & Design/image3.png
2015-12-26 20:42:12,498 INFO  [PicasawebClient] Setting local file time to 2015-12-26T13:42:11.417Z for image3.png
2015-12-26 20:42:12,498 INFO  [App] Upload QuestionAnswers 'pertanyaan 4?'
2015-12-26 20:42:12,546 INFO  [PicasawebClient] Uploading new image to album Test Parent: /Users/denis/Documents/Dotosoft/DataQuizParser/Data/Test Parent/image4.png
2015-12-26 20:42:16,554 INFO  [PicasawebClient] Setting local file time to 2015-12-26T13:42:15.642Z for image4.png
2015-12-26 20:42:16,554 INFO  [App] Upload QuestionAnswers 'pertanyaan 5?'
2015-12-26 20:42:16,591 INFO  [PicasawebClient] Uploading new image to album Business: /Users/denis/Documents/Dotosoft/DataQuizParser/Data/Business/image5.png
2015-12-26 20:42:20,341 INFO  [PicasawebClient] Setting local file time to 2015-12-26T13:42:19.388Z for image5.png
2015-12-26 20:47:03,825 INFO  [App] Starting and setup Doto Parser...
2015-12-26 20:47:04,162 INFO  [Settings] Settings saved successfully.
2015-12-26 20:47:04,162 INFO  [Settings] Application Type : ALL
2015-12-26 20:47:04,162 INFO  [Settings] Sync Data File : /Users/denis/Documents/Dotosoft/DataQuizParser/Data/Pertanyaan.xlsx
2015-12-26 20:47:04,166 INFO  [Settings] Settings loaded successfully.
2015-12-26 20:47:04,167 INFO  [App] Initialising Web client and authenticating...
2015-12-26 20:47:04,410 INFO  [GoogleOAuth] Preparing to authenticate via OAuth...
2015-12-26 20:47:04,411 INFO  [GoogleOAuth] Getting access token for refresh token..
2015-12-26 20:47:05,658 INFO  [GoogleOAuth] Building PicasaWeb Client...
2015-12-26 20:47:05,971 INFO  [App] Connection established.
2015-12-26 20:47:07,316 INFO  [App] Load all data from picasa
2015-12-26 20:47:07,316 INFO  [PicasawebClient] Get Feed URL: https://picasaweb.google.com/data/feed/api/user/default?showall
2015-12-26 20:47:08,142 INFO  [App] Upload Topics 'Art & Design'
2015-12-26 20:47:08,142 INFO  [PicasawebClient] Adding new album: Art & Design
2015-12-26 20:47:08,915 INFO  [App] there is no image 'topic' at 'Art & Design'. Wait for uploading...
2015-12-26 20:47:08,931 INFO  [PicasawebClient] Uploading new image to album Art & Design: /Users/denis/Documents/Dotosoft/DataQuizParser/Data/Art & Design/topic.png
2015-12-26 20:47:14,130 INFO  [PicasawebClient] Setting local file time to 2015-12-26T13:47:13.160Z for topic.png
2015-12-26 20:47:14,130 INFO  [App] Upload Topics 'Business'
2015-12-26 20:47:14,131 INFO  [PicasawebClient] Adding new album: Business
2015-12-26 20:47:14,742 INFO  [App] there is no image 'topic' at 'Business'. Wait for uploading...
2015-12-26 20:47:14,744 INFO  [PicasawebClient] Uploading new image to album Business: /Users/denis/Documents/Dotosoft/DataQuizParser/Data/Business/topic.png
2015-12-26 20:47:18,943 INFO  [PicasawebClient] Setting local file time to 2015-12-26T13:47:17.932Z for topic.png
2015-12-26 20:47:18,943 INFO  [App] Upload Topics 'Test Parent'
2015-12-26 20:47:18,943 INFO  [PicasawebClient] Adding new album: Test Parent
2015-12-26 20:47:19,569 INFO  [App] there is no image 'topic' at 'Test Parent'. Wait for uploading...
2015-12-26 20:47:19,571 INFO  [PicasawebClient] Uploading new image to album Test Parent: /Users/denis/Documents/Dotosoft/DataQuizParser/Data/Test Parent/topic.png
2015-12-26 20:47:23,549 INFO  [PicasawebClient] Setting local file time to 2015-12-26T13:47:22.519Z for topic.png
2015-12-26 20:47:23,549 INFO  [App] Upload QuestionAnswers 'pertanyaan 1?'
2015-12-26 20:47:23,551 INFO  [PicasawebClient] Uploading new image to album Art & Design: /Users/denis/Documents/Dotosoft/DataQuizParser/Data/Art & Design/image1.png
2015-12-26 20:47:26,928 INFO  [PicasawebClient] Setting local file time to 2015-12-26T13:47:26.061Z for image1.png
2015-12-26 20:47:26,929 INFO  [App] Upload QuestionAnswers 'pertanyaan 2?'
2015-12-26 20:47:26,930 INFO  [PicasawebClient] Uploading new image to album Business: /Users/denis/Documents/Dotosoft/DataQuizParser/Data/Business/image2.png
2015-12-26 20:47:30,719 INFO  [PicasawebClient] Setting local file time to 2015-12-26T13:47:29.687Z for image2.png
2015-12-26 20:47:30,719 INFO  [App] Upload QuestionAnswers 'pertanyaan 3?'
2015-12-26 20:47:30,722 INFO  [PicasawebClient] Uploading new image to album Art & Design: /Users/denis/Documents/Dotosoft/DataQuizParser/Data/Art & Design/image3.png
2015-12-26 20:47:34,611 INFO  [PicasawebClient] Setting local file time to 2015-12-26T13:47:33.604Z for image3.png
2015-12-26 20:47:34,612 INFO  [App] Upload QuestionAnswers 'pertanyaan 4?'
2015-12-26 20:47:34,613 INFO  [PicasawebClient] Uploading new image to album Test Parent: /Users/denis/Documents/Dotosoft/DataQuizParser/Data/Test Parent/image4.png
2015-12-26 20:47:38,196 INFO  [PicasawebClient] Setting local file time to 2015-12-26T13:47:37.227Z for image4.png
2015-12-26 20:47:38,196 INFO  [App] Upload QuestionAnswers 'pertanyaan 5?'
2015-12-26 20:47:38,198 INFO  [PicasawebClient] Uploading new image to album Business: /Users/denis/Documents/Dotosoft/DataQuizParser/Data/Business/image5.png
2015-12-26 20:47:41,571 INFO  [PicasawebClient] Setting local file time to 2015-12-26T13:47:40.655Z for image5.png
